[www.testrina.com/s.5.delayed]
[static.wixstatic.com/media/4c2a10_f6824dc81fa847399433729652064bbc_mv2.jpg/v1/fill/w_32,h_32,lg_1,usm_0.66_1.00_0.01/4c2a10_f6824dc81fa847399433729652064bbc_mv2.jpg]
[static.wixstatic.com/media/4c2a10_f6824dc81fa847399433729652064bbc_mv2.jpg/v1/fill/w_180,h_180,lg_1,usm_0.66_1.00_0.01/4c2a10_f6824dc81fa847399433729652064bbc_mv2.jpg]
[static.wixstatic.com/media/4c2a10_f6824dc81fa847399433729652064bbc_mv2.jpg/v1/fill/w_192,h_192,lg_1,usm_0.66_1.00_0.01/4c2a10_f6824dc81fa847399433729652064bbc_mv2.jpg]
[www.testrina.com/t.6.delayed]
[backblue.gif]
[fade.gif]
[index.html]
[static.parastorage.com/unpkg/core-js-bundle@3.2.1/minified.js]
[static.parastorage.com/unpkg/focus-within-polyfill@5.0.9/dist/focus-within-polyfill.js]
[www.testrina.com/feed.e.delayed]
[browser.sentry-cdn.com/6.18.2/bundle.min.js]
[www.testrina.com/decodeURIComponent(e.16.delayed]
[www.testrina.com/index.html]
[www.testrina.com/s.html]
[www.testrina.com/t.html]
[static.parastorage.com/services/wix-thunderbolt/dist/main.renderer.a20626f8.bundle.min.js]
[static.parastorage.com/services/wix-thunderbolt/dist/thunderbolt-commons.0f8a2bd6.bundle.min.js]
[static.parastorage.com/services/wix-thunderbolt/dist/main.35e2fa6d.bundle.min.js]
[www.testrina.com/sitemap.xml]
[static.parastorage.com/unpkg/lodash@4.17.21/lodash.min.js]
[www.testrina.com/media/emptystate.85a4add5.18.delayed]
[www.testrina.com/work.html]
[static.parastorage.com/unpkg/react@18.3.1/umd/react.production.min.js]
[static.parastorage.com/unpkg/react-dom@18.3.1/umd/react-dom.production.min.js]
[static.parastorage.com/services/wix-thunderbolt/dist/browser-deprecation.bundle.es5.js]
[static.parastorage.com/services/tag-manager-client/1.920.0/siteTags.bundle.min.js]
[www.testrina.com/_files/ugd/4c2a10_2d427225c10448c8a4149349c61bb64f.3a.delayed]
[static.wixstatic.com/media/4c2a10_74b52c91339f48a9a57b869acb24f487_mv2.jpg/v1/fill/w_249,h_248,q_90,enc_avif,quality_auto/4c2a10_74b52c91339f48a9a57b869acb24f487_mv2.jpg]
[static.wixstatic.com/media/4c2a10_3634a52dff9a4c3bbc3fd22bf9ed420a_mv2.jpg/v1/fill/w_249,h_248,q_90,enc_avif,quality_auto/4c2a10_3634a52dff9a4c3bbc3fd22bf9ed420a_mv2.jpg]
[www.testrina.com/about.html]
[static.wixstatic.com/media/4c2a10_74b52c91339f48a9a57b869acb24f487_mv2.jpg/v1/fill/w_250,h_250,q_30,blur_30/4c2a10_74b52c91339f48a9a57b869acb24f487_mv2.jpg]
[static.wixstatic.com/media/4c2a10_3634a52dff9a4c3bbc3fd22bf9ed420a_mv2.jpg/v1/fill/w_250,h_250,q_30,blur_30/4c2a10_3634a52dff9a4c3bbc3fd22bf9ed420a_mv2.jpg]
[static.wixstatic.com/media/4c2a10_a7809b74fa9546f39d983828c1741340_mv2.jpg/v1/fill/w_250,h_250,q_30,blur_30/4c2a10_a7809b74fa9546f39d983828c1741340_mv2.jpg]
[static.wixstatic.com/media/4c2a10_a7809b74fa9546f39d983828c1741340_mv2.jpg/v1/fill/w_248,h_248,q_90,enc_avif,quality_auto/4c2a10_a7809b74fa9546f39d983828c1741340_mv2.jpg]
[static.wixstatic.com/media/4c2a10_492514db0cf14ac39f3f841a5a65494a_mv2.jpg/v1/fill/w_250,h_250,q_30,blur_30/4c2a10_492514db0cf14ac39f3f841a5a65494a_mv2.jpg]
[static.wixstatic.com/media/4c2a10_492514db0cf14ac39f3f841a5a65494a_mv2.jpg/v1/fill/w_249,h_248,q_90,enc_avif,quality_auto/4c2a10_492514db0cf14ac39f3f841a5a65494a_mv2.jpg]
[static.wixstatic.com/media/4c2a10_c076702ca5f5435fbe7c402d6f2708ad_mv2.gif]
[static.wixstatic.com/media/4c2a10_87b707eeba174b1887486a6271cc8609_mv2.jpg/v1/fill/w_250,h_250,q_30,blur_30/4c2a10_87b707eeba174b1887486a6271cc8609_mv2.jpg]
[www.testrina.com/projects-1.html]
[static.wixstatic.com/media/4c2a10_2ae9174eec7b4fdfa29ff4359d078b75_mv2.jpg/v1/fill/w_250,h_250,q_30,blur_30/4c2a10_2ae9174eec7b4fdfa29ff4359d078b75_mv2.jpg]
[static.wixstatic.com/media/4c2a10_2616e9178b724de0b075932b6e565880_mv2.jpg/v1/fill/w_249,h_248,q_90,enc_avif,quality_auto/4c2a10_2616e9178b724de0b075932b6e565880_mv2.jpg]
[static.wixstatic.com/media/4c2a10_87b707eeba174b1887486a6271cc8609_mv2.jpg/v1/fill/w_249,h_248,q_90,enc_avif,quality_auto/4c2a10_87b707eeba174b1887486a6271cc8609_mv2.jpg]
[www.testrina.com/copy-of-spatial.html]
[static.wixstatic.com/media/4c2a10_2616e9178b724de0b075932b6e565880_mv2.jpg/v1/fill/w_250,h_250,q_30,blur_30/4c2a10_2616e9178b724de0b075932b6e565880_mv2.jpg]
[static.wixstatic.com/media/4c2a10_2ae9174eec7b4fdfa29ff4359d078b75_mv2.jpg/v1/fill/w_248,h_248,q_90,enc_avif,quality_auto/4c2a10_2ae9174eec7b4fdfa29ff4359d078b75_mv2.jpg]
[static.wixstatic.com/media/4c2a10_1b71b9ffc9b54b468521bc4177059b83_mv2.jpg/v1/fill/w_250,h_250,q_30,blur_30/4c2a10_1b71b9ffc9b54b468521bc4177059b83_mv2.jpg]
[static.wixstatic.com/media/4c2a10_c076702ca5f5435fbe7c402d6f2708ad_mv2.gif/v1/fill/w_249,h_248,q_90,enc_avif,quality_auto/4c2a10_c076702ca5f5435fbe7c402d6f2708ad_mv2.gif]
[www.testrina.com/copy-of-projects.html]
[static.wixstatic.com/media/4c2a10_1b71b9ffc9b54b468521bc4177059b83_mv2.jpg/v1/fill/w_248,h_248,q_90,enc_avif,quality_auto/4c2a10_1b71b9ffc9b54b468521bc4177059b83_mv2.jpg]
[static.wixstatic.com/media/4c2a10_9c67f78af1bc44afbf1f44108e929fb9_mv2.jpg/v1/fill/w_249,h_248,q_90,enc_avif,quality_auto/4c2a10_9c67f78af1bc44afbf1f44108e929fb9_mv2.jpg]
[www.testrina.com/feed.html]
[static.wixstatic.com/media/4c2a10_7d0cc8b322534dc99e72ed41fa666879_mv2.jpg/v1/fill/w_250,h_250,q_30,blur_30/4c2a10_7d0cc8b322534dc99e72ed41fa666879_mv2.jpg]
[www.testrina.com/decodeURIComponent(e.html]
[static.wixstatic.com/media/4c2a10_9c67f78af1bc44afbf1f44108e929fb9_mv2.jpg/v1/fill/w_250,h_250,q_30,blur_30/4c2a10_9c67f78af1bc44afbf1f44108e929fb9_mv2.jpg]
[www.testrina.com/media/emptystate.85a4add5.html]
[static.wixstatic.com/media/4c2a10_7d0cc8b322534dc99e72ed41fa666879_mv2.jpg/v1/fill/w_249,h_248,q_90,enc_avif,quality_auto/4c2a10_7d0cc8b322534dc99e72ed41fa666879_mv2.jpg]
[static.wixstatic.com/media/4c2a10_f6824dc81fa847399433729652064bbc_mv2.jpg/v1/fill/w_250,h_250,q_30,blur_30/4c2a10_f6824dc81fa847399433729652064bbc_mv2.jpg]
[static.wixstatic.com/media/4c2a10_4ffacf8c1d2040fea486b57301e77f57_mv2.jpg/v1/fill/w_250,h_250,q_30,blur_30/4c2a10_4ffacf8c1d2040fea486b57301e77f57_mv2.jpg]
[static.wixstatic.com/media/4c2a10_f6824dc81fa847399433729652064bbc_mv2.jpg/v1/fill/w_248,h_248,q_90,enc_avif,quality_auto/4c2a10_f6824dc81fa847399433729652064bbc_mv2.jpg]
[static.wixstatic.com/media/4c2a10_4ffacf8c1d2040fea486b57301e77f57_mv2.jpg/v1/fill/w_249,h_248,q_90,enc_avif,quality_auto/4c2a10_4ffacf8c1d2040fea486b57301e77f57_mv2.jpg]
[static.wixstatic.com/media/4c2a10_7f49790f97b14ed0b0dbd516b029e9ea_mv2.jpg/v1/fill/w_248,h_248,q_90,enc_avif,quality_auto/4c2a10_7f49790f97b14ed0b0dbd516b029e9ea_mv2.jpg]
[static.wixstatic.com/media/4c2a10_f8e6a9f58f524a5181c36cab7f1dca88_mv2.jpg/v1/fill/w_250,h_250,q_30,blur_30/4c2a10_f8e6a9f58f524a5181c36cab7f1dca88_mv2.jpg]
[www.testrina.com/api/index.html]
[browser.sentry-cdn.com/7.120.3/bundle.tracing.es5.min.js]
[www.testrina.com/envelope/index.html]
[static.wixstatic.com/media/4c2a10_7f49790f97b14ed0b0dbd516b029e9ea_mv2.jpg/v1/fill/w_250,h_250,q_30,blur_30/4c2a10_7f49790f97b14ed0b0dbd516b029e9ea_mv2.jpg]
[static.wixstatic.com/media/4c2a10_f8e6a9f58f524a5181c36cab7f1dca88_mv2.jpg/v1/fill/w_249,h_248,q_90,enc_avif,quality_auto/4c2a10_f8e6a9f58f524a5181c36cab7f1dca88_mv2.jpg]
[browser.sentry-cdn.com/7.120.3/modulemetadata.es5.min.js]
[www.testrina.com/api/index.html]
[static.parastorage.com/services/pro-gallery-tpa/1.1160.0/WixProGalleryViewerWidget.bundle.min.js]
[www.testrina.com/envelope/index.html]
[www.testrina.com/_files/ugd/CV.pdf_; filename_=UTF-8''CV.pdf]
[static.wixstatic.com/media/e1aa082f7c0747168d9cf43e77046142.png/v1/fill/w_39,h_39,al_c,q_85,usm_0.66_1.00_0.01,enc_avif,quality_auto/e1aa082f7c0747168d9cf43e77046142.png]
[www.testrina.com/_files/ugd/4c2a10_2d427225c10448c8a4149349c61bb64f.html]
[static.wixstatic.com/media/aa0402eb9ba2430d9d0620b59556efca.png/v1/fill/w_39,h_39,al_c,q_85,usm_0.66_1.00_0.01,enc_avif,quality_auto/aa0402eb9ba2430d9d0620b59556efca.png]
[static.wixstatic.com/media/4c2a10_74b52c91339f48a9a57b869acb24f487_mv2.jpg/v1/fill/w_237,h_237,al_c,q_80,usm_0.66_1.00_0.01,enc_avif,quality_auto/4c2a10_74b52c91339f48a9a57b869acb24f487_mv2.jpg]
[www.testrina.com/hostilesalad.html]
[static.wixstatic.com/media/4c2a10_3634a52dff9a4c3bbc3fd22bf9ed420a_mv2.jpg/v1/fill/w_237,h_237,al_c,q_80,usm_0.66_1.00_0.01,enc_avif,quality_auto/4c2a10_3634a52dff9a4c3bbc3fd22bf9ed420a_mv2.jpg]
[static.wixstatic.com/media/4c2a10_87b707eeba174b1887486a6271cc8609_mv2.jpg/v1/fill/w_237,h_237,al_c,q_80,usm_0.66_1.00_0.01,enc_avif,quality_auto/4c2a10_87b707eeba174b1887486a6271cc8609_mv2.jpg]
[www.testrina.com/bach.html]
[www.testrina.com/flatland.html]
[static.wixstatic.com/media/4c2a10_2616e9178b724de0b075932b6e565880_mv2.jpg/v1/fill/w_237,h_237,al_c,q_80,usm_0.66_1.00_0.01,enc_avif,quality_auto/4c2a10_2616e9178b724de0b075932b6e565880_mv2.jpg]
[static.wixstatic.com/media/4c2a10_7d0cc8b322534dc99e72ed41fa666879_mv2.jpg/v1/fill/w_237,h_237,al_c,q_80,usm_0.66_1.00_0.01,enc_avif,quality_auto/4c2a10_7d0cc8b322534dc99e72ed41fa666879_mv2.jpg]
[static.wixstatic.com/media/4c2a10_f6824dc81fa847399433729652064bbc_mv2.jpg/v1/fill/w_237,h_237,al_c,q_80,usm_0.66_1.00_0.01,enc_avif,quality_auto/4c2a10_f6824dc81fa847399433729652064bbc_mv2.jpg]
[www.testrina.com/vela.html]
[www.testrina.com/uproot.html]
[static.wixstatic.com/media/4c2a10_7f49790f97b14ed0b0dbd516b029e9ea_mv2.jpg/v1/fill/w_237,h_237,al_c,q_80,usm_0.66_1.00_0.01,enc_avif,quality_auto/4c2a10_7f49790f97b14ed0b0dbd516b029e9ea_mv2.jpg]
[www.testrina.com/tripix.html]
[static.wixstatic.com/media/4c2a10_492ee90316e54b278f7aa6e14f957007_mv2.jpg/v1/fill/w_237,h_237,al_c,q_80,usm_0.66_1.00_0.01,enc_avif,quality_auto/4c2a10_492ee90316e54b278f7aa6e14f957007_mv2.jpg]
[static.wixstatic.com/media/4c2a10_793aaac310fa40ab9e6c499cc9a7a431_mv2.png/v1/fill/w_237,h_237,al_c,q_85,usm_0.66_1.00_0.01,enc_avif,quality_auto/4c2a10_793aaac310fa40ab9e6c499cc9a7a431_mv2.png]
[static.wixstatic.com/media/4c2a10_0b67098eecc14b429f660dedb55fa2d7_mv2.gif]
[static.wixstatic.com/media/4c2a10_d446d2e9c0a64c5b9146dd7cb0c4e48f_mv2.jpg/v1/fill/w_237,h_237,al_c,q_80,usm_0.66_1.00_0.01,enc_avif,quality_auto/4c2a10_d446d2e9c0a64c5b9146dd7cb0c4e48f_mv2.jpg]
[www.testrina.com/polysapien.html]
[static.wixstatic.com/media/4c2a10_a7809b74fa9546f39d983828c1741340_mv2.jpg/v1/fill/w_237,h_237,al_c,q_80,usm_0.66_1.00_0.01,enc_avif,quality_auto/4c2a10_a7809b74fa9546f39d983828c1741340_mv2.jpg]
[static.wixstatic.com/media/4c2a10_492514db0cf14ac39f3f841a5a65494a_mv2.jpg/v1/fill/w_237,h_237,al_c,q_80,usm_0.66_1.00_0.01,enc_avif,quality_auto/4c2a10_492514db0cf14ac39f3f841a5a65494a_mv2.jpg]
[static.wixstatic.com/media/4c2a10_1b71b9ffc9b54b468521bc4177059b83_mv2.jpg/v1/fill/w_237,h_237,al_c,q_80,usm_0.66_1.00_0.01,enc_avif,quality_auto/4c2a10_1b71b9ffc9b54b468521bc4177059b83_mv2.jpg]
[static.wixstatic.com/media/4c2a10_4ffacf8c1d2040fea486b57301e77f57_mv2.jpg/v1/fill/w_237,h_237,al_c,q_80,usm_0.66_1.00_0.01,enc_avif,quality_auto/4c2a10_4ffacf8c1d2040fea486b57301e77f57_mv2.jpg]
[www.testrina.com/matter.html]
[static.wixstatic.com/media/4c2a10_bbe1b34866f14017a0661be64c101901_mv2.jpg/v1/fill/w_237,h_237,al_c,q_80,usm_0.66_1.00_0.01,enc_avif,quality_auto/4c2a10_bbe1b34866f14017a0661be64c101901_mv2.jpg]
[static.wixstatic.com/media/4c2a10_2ae9174eec7b4fdfa29ff4359d078b75_mv2.jpg/v1/fill/w_237,h_237,al_c,q_80,usm_0.66_1.00_0.01,enc_avif,quality_auto/4c2a10_2ae9174eec7b4fdfa29ff4359d078b75_mv2.jpg]
[static.wixstatic.com/media/4c2a10_9c67f78af1bc44afbf1f44108e929fb9_mv2.jpg/v1/fill/w_237,h_237,al_c,q_80,usm_0.66_1.00_0.01,enc_avif,quality_auto/4c2a10_9c67f78af1bc44afbf1f44108e929fb9_mv2.jpg]
[static.wixstatic.com/media/4c2a10_566958cbc25045d1a76a45006175e72f_mv2.jpg/v1/fill/w_649,h_430,al_c,q_80,usm_0.66_1.00_0.01,enc_avif,quality_auto/4c2a10_566958cbc25045d1a76a45006175e72f_mv2.jpg]
[static.wixstatic.com/media/4c2a10_597f3d1ea43047d99ff84711f6bee8a2_mv2.jpg/v1/fill/w_503,h_442,al_c,q_80,usm_0.66_1.00_0.01,enc_avif,quality_auto/4c2a10_597f3d1ea43047d99ff84711f6bee8a2_mv2.jpg]
[static.wixstatic.com/media/4c2a10_a0cfefa766fa440f97c99ba0cb731093_mv2.jpg/v1/fill/w_747,h_184,al_c,q_80,usm_0.66_1.00_0.01,enc_avif,quality_auto/4c2a10_a0cfefa766fa440f97c99ba0cb731093_mv2.jpg]
[www.testrina.com/yamal.html]
[www.testrina.com/marche.html]
[static.wixstatic.com/media/4c2a10_969e3f6459334894869ba1a27f45c08b_mv2.jpg/v1/fill/w_390,h_538,al_c,q_80,usm_0.66_1.00_0.01,enc_avif,quality_auto/4c2a10_969e3f6459334894869ba1a27f45c08b_mv2.jpg]
[static.wixstatic.com/media/4c2a10_4ffacf8c1d2040fea486b57301e77f57_mv2.jpg/v1/fill/w_530,h_459,al_c,q_80,usm_0.66_1.00_0.01,enc_avif,quality_auto/4c2a10_4ffacf8c1d2040fea486b57301e77f57_mv2.jpg]
[static.wixstatic.com/media/4c2a10_4b033272e9414311bf590a00b9a3a9ca_mv2.jpg/v1/fill/w_299,h_383,al_c,q_80,usm_0.66_1.00_0.01,enc_avif,quality_auto/4c2a10_4b033272e9414311bf590a00b9a3a9ca_mv2.jpg]
[static.wixstatic.com/media/4c2a10_fba612e4a23e4b9289b3404be1ac0912_mv2.jpg/v1/fill/w_393,h_276,al_c,q_80,usm_0.66_1.00_0.01,enc_avif,quality_auto/4c2a10_fba612e4a23e4b9289b3404be1ac0912_mv2.jpg]
[static.wixstatic.com/media/4c2a10_d59a0c8d51a6444cb8e1fc6baf4c2997_mv2.png/v1/fill/w_600,h_303,al_c,q_85,usm_0.66_1.00_0.01,enc_avif,quality_auto/4c2a10_d59a0c8d51a6444cb8e1fc6baf4c2997_mv2.png]
[www.testrina.com/conservatory.html]
[www.testrina.com/ossurary.html]
[static.wixstatic.com/media/4c2a10_6af033f49c324724ad2d8129744dc060_mv2.jpg/v1/fill/w_419,h_574,al_c,q_80,usm_0.66_1.00_0.01,enc_avif,quality_auto/4c2a10_6af033f49c324724ad2d8129744dc060_mv2.jpg]
[static.wixstatic.com/media/4c2a10_eaf19df7f06f49a5a414973d46cb9374_mv2.jpg/v1/fill/w_405,h_527,al_c,q_80,usm_0.66_1.00_0.01,enc_avif,quality_auto/4c2a10_eaf19df7f06f49a5a414973d46cb9374_mv2.jpg]
[static.wixstatic.com/media/4c2a10_45bd98843fee4d19b894656e534a52a9_mv2.jpg/v1/fill/w_383,h_357,al_c,q_80,usm_0.66_1.00_0.01,enc_avif,quality_auto/4c2a10_45bd98843fee4d19b894656e534a52a9_mv2.jpg]
[static.wixstatic.com/media/4c2a10_f0aefef4c8e14a8a916b4cc7055e7fab_mv2.jpg/v1/fill/w_501,h_467,al_c,q_80,usm_0.66_1.00_0.01,enc_avif,quality_auto/4c2a10_f0aefef4c8e14a8a916b4cc7055e7fab_mv2.jpg]
[www.testrina.com/seaweed.html]
[static.wixstatic.com/media/4c2a10_b91c5cb6aac14753837a8a77a87b195b_mv2.jpg/v1/crop/x_0,y_156,w_824,h_944/fill/w_556,h_636,al_c,q_80,usm_0.66_1.00_0.01,enc_av/4c2a10_b91c5cb6aac14753837a8a77a87b195b_mv2.70.delay]
[static.wixstatic.com/media/4c2a10_e5bd4e1829e44e86a205fc81369e6517_mv2.jpg/v1/fill/w_980,h_139,al_c,q_80,usm_0.66_1.00_0.01,enc_avif,quality_auto/4c2a10_e5bd4e1829e44e86a205fc81369e6517_mv2.jpg]
[static.wixstatic.com/media/4c2a10_f6824dc81fa847399433729652064bbc_mv2.jpg/v1/fill/w_332,h_389,al_c,q_80,usm_0.66_1.00_0.01,enc_avif,quality_auto/Sunrise Approach Render.jpg]
[static.wixstatic.com/media/4c2a10_738939e107914bdfae3c89b6c0a32a66_mv2.jpg/v1/crop/x_570,y_0,w_3885,h_3062/fill/w_495,h_389,al_c,q_80,usm_0.66_1.00_0.01,enc_avif,quality_auto/Project Boards2.jpg]
[www.testrina.com/cave.html]
[static.wixstatic.com/media/4c2a10_44da96f237864a1680b66222d19cff61_mv2.jpg/v1/crop/x_2550,y_153,w_2482,h_2849/fill/w_332,h_381,al_c,q_80,usm_0.66_1.00_0.01,enc_avif,quality_auto/Project Boards11.jpg]
[static.wixstatic.com/media/4c2a10_0000b200cb964cccb064b499a44d736f_mv2.jpg/v1/crop/x_1420,y_298,w_3680,h_2339/fill/w_494,h_313,al_c,q_80,usm_0.66_1.00_0.01,enc_avif,quality_auto/Project Boards5.jpg]
[static.wixstatic.com/media/4c2a10_4714f8f6c8ca40b08d9f137ab98499ca_mv2.jpg/v1/fill/w_600,h_388,al_c,q_80,usm_0.66_1.00_0.01,enc_avif,quality_auto/Project Boards14.jpg]
[static.wixstatic.com/media/4c2a10_11281e8f958044cca48580f69ab917ef_mv2.jpg/v1/crop/x_390,y_0,w_3819,h_2876/fill/w_441,h_332,al_c,q_80,usm_0.66_1.00_0.01,enc_avif,quality_auto/Project Boards10.jpg]
[www.testrina.com/janus.html]
[static.wixstatic.com/media/4c2a10_0f115daf45b44714bbffdd4291df9e20_mv2.jpg/v1/crop/x_1104,y_0,w_2750,h_3294/fill/w_461,h_551,al_c,q_80,usm_0.66_1.00_0.01,enc_avif,quality_auto/Project Boards13.jpg]
[static.wixstatic.com/media/4c2a10_cb787647f84346c893034f0b782dc268_mv2.jpg/v1/fill/w_501,h_324,al_c,q_80,usm_0.66_1.00_0.01,enc_avif,quality_auto/Project Boards18.jpg]
[static.wixstatic.com/media/4c2a10_319aca8e5de64988a2ab62f61e659e0b_mv2.jpg/v1/fill/w_462,h_544,al_c,q_80,usm_0.66_1.00_0.01,enc_avif,quality_auto/Project%20Boards12_edited.jpg]
[static.wixstatic.com/media/4c2a10_432f42a129924f02a4ede1687303b85c_mv2.jpg/v1/fill/w_479,h_310,al_c,q_80,usm_0.66_1.00_0.01,enc_avif,quality_auto/Project Boards20.jpg]
[www.testrina.com/bruce.html]
[static.wixstatic.com/media/4c2a10_4dbcd0a9da1c4af2a9898f44c7c47aaf_mv2.jpg/v1/fill/w_479,h_310,al_c,q_80,usm_0.66_1.00_0.01,enc_avif,quality_auto/Project Boards22.jpg]
[static.wixstatic.com/media/4c2a10_df30ec29bfb84b15aa7f81e5b0c12d00_mv2.jpg/v1/fill/w_479,h_310,al_c,q_80,usm_0.66_1.00_0.01,enc_avif,quality_auto/Project Boards15.jpg]
[static.wixstatic.com/media/4c2a10_a10cc89bf4c146f397c2a991b56ffbf8_mv2.jpg/v1/fill/w_479,h_310,al_c,q_80,usm_0.66_1.00_0.01,enc_avif,quality_auto/Project Boards17.jpg]
[static.wixstatic.com/media/4c2a10_29bd409bc193413abe24b0fe84bdea35_mv2.jpg/v1/fill/w_479,h_310,al_c,q_80,usm_0.66_1.00_0.01,enc_avif,quality_auto/Project Boards16.jpg]
[www.testrina.com/seesaw.html]
[www.testrina.com/stratum.html]
[static.wixstatic.com/media/4c2a10_a616484810e146aa8f26eb98e46fe59c_mv2.jpg/v1/fill/w_980,h_293,al_c,q_80,usm_0.66_1.00_0.01,enc_avif,quality_auto/Fold-Out Section.jpg]
[static.wixstatic.com/media/4c2a10_628f64d960744d969d5f31724763e1b5_mv2.jpg/v1/fill/w_977,h_337,al_c,q_80,usm_0.66_1.00_0.01,enc_avif,quality_auto/Doll House Section.jpg]
[static.wixstatic.com/media/4c2a10_73e106e7fcc94de8876e106a9ec33d73_mv2.jpg/v1/crop/x_0,y_0,w_5100,h_3062/fill/w_614,h_371,al_c,q_80,usm_0.66_1.00_0.01,enc_avif,quality_auto/Project Boards21.jpg]
[static.wixstatic.com/media/4c2a10_673ca8b087c8448dbe6dcf3be70aad1b_mv2.jpg/v1/crop/x_621,y_0,w_3043,h_3062/fill/w_366,h_371,al_c,q_80,usm_0.66_1.00_0.01,enc_avif,quality_auto/Project Boards19.jpg]
[static.wixstatic.com/media/4c2a10_570ff5ebefda47708064f65aff2c052f_mv2.jpg/v1/crop/x_0,y_0,w_5100,h_2960/fill/w_978,h_564,al_c,q_85,usm_0.66_1.00_0.01,enc_avif,quality_auto/Project Boards24.jpg]
[static.wixstatic.com/media/4c2a10_4897514f746145f790c4f055a9950150_mv2.jpg/v1/crop/x_0,y_83,w_2545,h_2074/fill/w_463,h_377,al_c,q_80,usm_0.66_1.00_0.01,enc_av/4c2a10_4897514f746145f790c4f055a9950150_mv2.85.dela]
[static.wixstatic.com/media/4c2a10_fc6a7e34e8a5450cbe540faa57688c5e_mv2.jpg/v1/crop/x_0,y_0,w_2545,h_2398/fill/w_116,h_109,al_c,q_80,usm_0.66_1.00_0.01,blur_2/4c2a10_fc6a7e34e8a5450cbe540faa57688c5e_mv2.87.delay]
[static.wixstatic.com/media/4c2a10_0cdaee8d62f34e05bb835d85c664a483_mv2.jpg/v1/crop/x_0,y_0,w_2545,h_2398/fill/w_116,h_109,al_c,q_80,usm_0.66_1.00_0.01,blur_2/4c2a10_0cdaee8d62f34e05bb835d85c664a483_mv2.86.delay]
[www.testrina.com/figure.html]
[static.wixstatic.com/media/4c2a10_e6f836782d5445bca15ecac3a9f1ad5c_mv2.jpg/v1/fill/w_243,h_205,q_90,enc_avif,quality_auto/4c2a10_e6f836782d5445bca15ecac3a9f1ad5c_mv2.jpg]
[static.wixstatic.com/media/4c2a10_74b52c91339f48a9a57b869acb24f487_mv2.jpg/v1/fill/w_243,h_308,q_90,enc_avif,quality_auto/4c2a10_74b52c91339f48a9a57b869acb24f487_mv2.jpg]
[static.wixstatic.com/media/4c2a10_66521c8a165b4fd09a0b3099c30680f0_mv2.jpg/v1/fill/w_243,h_308,q_90,enc_avif,quality_auto/4c2a10_66521c8a165b4fd09a0b3099c30680f0_mv2.jpg]
[static.wixstatic.com/media/4c2a10_73380c5edb054cc68e7e8c89cfa53115_mv2.jpg/v1/fill/w_243,h_205,q_90,enc_avif,quality_auto/4c2a10_73380c5edb054cc68e7e8c89cfa53115_mv2.jpg]
[www.testrina.com/projections.html]
[static.wixstatic.com/media/4c2a10_7fcdd7a5cad5468791196ecc09ba012b_mv2.jpg/v1/fill/w_243,h_308,q_90,enc_avif,quality_auto/4c2a10_7fcdd7a5cad5468791196ecc09ba012b_mv2.jpg]
[static.wixstatic.com/media/4c2a10_2e4ccbd45b764c88bdda5704b6b89e7a_mv2.jpg/v1/fill/w_243,h_205,q_90,enc_avif,quality_auto/4c2a10_2e4ccbd45b764c88bdda5704b6b89e7a_mv2.jpg]
[static.wixstatic.com/media/4c2a10_5b4f176f479241fe9ae8b7e504cdbdf2_mv2.jpg/v1/fill/w_243,h_308,q_90,enc_avif,quality_auto/4c2a10_5b4f176f479241fe9ae8b7e504cdbdf2_mv2.jpg]
[static.wixstatic.com/media/4c2a10_148a08dff53243a9b0f81a02cd7347d9_mv2.jpg/v1/fill/w_243,h_205,q_90,enc_avif,quality_auto/4c2a10_148a08dff53243a9b0f81a02cd7347d9_mv2.jpg]
[static.wixstatic.com/media/4c2a10_8490fc043bb34e86983726fcec82a0c4_mv2.jpg/v1/fill/w_243,h_308,q_90,enc_avif,quality_auto/4c2a10_8490fc043bb34e86983726fcec82a0c4_mv2.jpg]
[static.wixstatic.com/media/4c2a10_502b4b01936f4a4c9a104bfd07289c7b_mv2.jpg/v1/fill/w_243,h_205,q_90,enc_avif,quality_auto/4c2a10_502b4b01936f4a4c9a104bfd07289c7b_mv2.jpg]
[static.wixstatic.com/media/4c2a10_cb23ade54c8349b79a3e1d415a13ec37_mv2.jpg/v1/fill/w_158,h_51,al_c,q_80,usm_0.66_1.00_0.01,blur_2,enc_avif,quality_auto/4c2a10_cb23ade54c8349b79a3e1d415a13ec37_mv2.jpg]
[static.wixstatic.com/media/4c2a10_a2a199445da747209ce039e9addc2eac_mv2.jpg/v1/fill/w_147,h_40,al_c,q_80,usm_0.66_1.00_0.01,blur_2,enc_avif,quality_auto/4c2a10_a2a199445da747209ce039e9addc2eac_mv2.jpg]
[static.wixstatic.com/media/4c2a10_e775571007e04a91857e89cf61d7a31a_mv2.jpg/v1/fill/w_155,h_112,al_c,q_80,usm_0.66_1.00_0.01,blur_2,enc_avif,quality_auto/4c2a10_e775571007e04a91857e89cf61d7a31a_mv2.jpg]
[static.wixstatic.com/media/4c2a10_22cdf4f558a441b9b959a3cb1a496be4_mv2.jpg/v1/fill/w_157,h_50,al_c,q_80,usm_0.66_1.00_0.01,blur_2,enc_avif,quality_auto/4c2a10_22cdf4f558a441b9b959a3cb1a496be4_mv2.jpg]
[static.wixstatic.com/media/4c2a10_788df6d0f50e4954ac0964cf405a7507_mv2.jpg/v1/fill/w_150,h_46,al_c,q_80,usm_0.66_1.00_0.01,blur_2,enc_avif,quality_auto/4c2a10_788df6d0f50e4954ac0964cf405a7507_mv2.jpg]
[static.wixstatic.com/media/4c2a10_92bee36e7de344a59fb295930e9088cc_mv2.jpg/v1/fill/w_135,h_95,al_c,q_80,usm_0.66_1.00_0.01,blur_2,enc_avif,quality_auto/4c2a10_92bee36e7de344a59fb295930e9088cc_mv2.jpg]
[static.wixstatic.com/media/4c2a10_c32c5c4b5097466c8bcf603e3f1a6396_mv2.jpg/v1/fill/w_140,h_46,al_c,q_80,usm_0.66_1.00_0.01,blur_2,enc_avif,quality_auto/4c2a10_c32c5c4b5097466c8bcf603e3f1a6396_mv2.jpg]
[static.wixstatic.com/media/4c2a10_d6df8f7730894a28b10a17ac459702a8_mv2.jpg/v1/fill/w_146,h_94,al_c,q_80,usm_0.66_1.00_0.01,blur_2,enc_avif,quality_auto/4c2a10_d6df8f7730894a28b10a17ac459702a8_mv2.jpg]
[static.wixstatic.com/media/4c2a10_5ba1e8cbf3444c7aacfd64f3caed14ff_mv2.jpg/v1/fill/w_100,h_94,al_c,q_80,usm_0.66_1.00_0.01,blur_2,enc_avif,quality_auto/4c2a10_5ba1e8cbf3444c7aacfd64f3caed14ff_mv2.jpg]
[static.wixstatic.com/media/4c2a10_c580f6a0b275403a9a7c8f01a16068c0_mv2.jpg/v1/crop/x_0,y_0,w_1033,h_676/fill/w_96,h_63,al_c,q_80,usm_0.66_1.00_0.01,blur_2,e/4c2a10_c580f6a0b275403a9a7c8f01a16068c0_mv2.9b.delaye]
[static.wixstatic.com/media/4c2a10_c580f6a0b275403a9a7c8f01a16068c0_mv2.jpg/v1/crop/x_1097,y_0,w_1033,h_676/fill/w_96,h_63,al_c,q_80,usm_0.66_1.00_0.01,blur_2,e/4c2a10_c580f6a0b275403a9a7c8f01a16068c0_mv2.9c.del]
[static.wixstatic.com/media/4c2a10_a6f0cd326b5e49feb8e6b0763f45f030_mv2.jpg/v1/fill/w_146,h_40,al_c,q_80,usm_0.66_1.00_0.01,blur_2,enc_avif,quality_auto/4c2a10_a6f0cd326b5e49feb8e6b0763f45f030_mv2.jpg]
[static.wixstatic.com/media/4c2a10_b4b0cad1f1ff4fe2bae6bf6602444fba_mv2.jpg/v1/fill/w_140,h_62,al_c,q_80,usm_0.66_1.00_0.01,blur_2,enc_avif,quality_auto/4c2a10_b4b0cad1f1ff4fe2bae6bf6602444fba_mv2.jpg]
[static.wixstatic.com/media/4c2a10_09d778c3affb4952b48fdc567bedefa9_mv2.jpg/v1/fill/w_147,h_90,al_c,q_80,usm_0.66_1.00_0.01,blur_2,enc_avif,quality_auto/4c2a10_09d778c3affb4952b48fdc567bedefa9_mv2.jpg]
[static.wixstatic.com/media/4c2a10_9d57d78908084dc5910bf22671e14373_mv2.jpg/v1/fill/w_147,h_68,al_c,q_80,usm_0.66_1.00_0.01,blur_2,enc_avif,quality_auto/4c2a10_9d57d78908084dc5910bf22671e14373_mv2.jpg]
[static.wixstatic.com/media/4c2a10_3634a52dff9a4c3bbc3fd22bf9ed420a_mv2.jpg/v1/fill/w_870,h_777,al_c,q_85,usm_0.66_1.00_0.01,enc_avif,quality_auto/4c2a10_3634a52dff9a4c3bbc3fd22bf9ed420a_mv2.jpg]
[static.wixstatic.com/media/4c2a10_db872d84fbd7425c8d0f9d0ef3ea011a_mv2.jpg/v1/fill/w_141,h_80,al_c,q_80,usm_0.66_1.00_0.01,blur_2,enc_avif,quality_auto/4c2a10_db872d84fbd7425c8d0f9d0ef3ea011a_mv2.jpg]
[static.wixstatic.com/media/4c2a10_64e3ced42e6f46699dfd50fee28c4315_mv2.jpg/v1/fill/w_118,h_40,al_c,q_80,usm_0.66_1.00_0.01,blur_2,enc_avif,quality_auto/4c2a10_64e3ced42e6f46699dfd50fee28c4315_mv2.jpg]
[static.wixstatic.com/media/4c2a10_bc223e3afe644e48967241e58d779fce_mv2.jpg/v1/fill/w_108,h_92,al_c,q_80,usm_0.66_1.00_0.01,blur_2,enc_avif,quality_auto/4c2a10_bc223e3afe644e48967241e58d779fce_mv2.jpg]
[static.wixstatic.com/media/4c2a10_a02b7953d6794bbbb0577aa3f1055276_mv2.jpg/v1/fill/w_108,h_104,al_c,q_80,usm_0.66_1.00_0.01,blur_2,enc_avif,quality_auto/4c2a10_a02b7953d6794bbbb0577aa3f1055276_mv2.jpg]
[static.wixstatic.com/media/4c2a10_b87edfbc9ccc415393244975b50b13b1_mv2.jpg/v1/fill/w_98,h_147,al_c,q_80,usm_0.66_1.00_0.01,blur_2,enc_avif,quality_auto/4c2a10_b87edfbc9ccc415393244975b50b13b1_mv2.jpg]
[static.wixstatic.com/media/4c2a10_58b83d98f18f4ff49c7ade71fca2aa90_mv2.jpg/v1/fill/w_114,h_114,al_c,q_80,usm_0.66_1.00_0.01,blur_2,enc_avif,quality_auto/4c2a10_58b83d98f18f4ff49c7ade71fca2aa90_mv2.jpg]
[static.wixstatic.com/media/4c2a10_ea997af84c944d46b84f955f50e8d774_mv2.jpg/v1/fill/w_137,h_72,al_c,q_80,usm_0.66_1.00_0.01,blur_2,enc_avif,quality_auto/4c2a10_ea997af84c944d46b84f955f50e8d774_mv2.jpg]
[static.wixstatic.com/media/4c2a10_a262f3df1407451084a22c6dead80415_mv2.jpg/v1/fill/w_147,h_97,al_c,q_80,usm_0.66_1.00_0.01,blur_2,enc_avif,quality_auto/4c2a10_a262f3df1407451084a22c6dead80415_mv2.jpg]
[static.wixstatic.com/media/4c2a10_bb5208d0aa854e44925ad15ea7127fcb_mv2.jpg/v1/fill/w_779,h_282,al_c,q_80,usm_0.66_1.00_0.01,enc_avif,quality_auto/4c2a10_bb5208d0aa854e44925ad15ea7127fcb_mv2.jpg]
[static.wixstatic.com/media/4c2a10_5868363fa0f648da811e1bd9f8dad067_mv2.jpg/v1/fill/w_147,h_108,al_c,q_80,usm_0.66_1.00_0.01,blur_2,enc_avif,quality_auto/4c2a10_5868363fa0f648da811e1bd9f8dad067_mv2.jpg]
[static.wixstatic.com/media/4c2a10_b96610869e7243b3b03d8b1ab8e5a8b2_mv2.jpg/v1/fill/w_250,h_250,q_30,blur_30/4c2a10_b96610869e7243b3b03d8b1ab8e5a8b2_mv2.jpg]
[static.wixstatic.com/media/4c2a10_4b3bf63afb7f4ef0a9c2bf51b4f76c4a_mv2.jpg/v1/fill/w_147,h_196,al_c,q_80,usm_0.66_1.00_0.01,blur_2,enc_avif,quality_auto/4c2a10_4b3bf63afb7f4ef0a9c2bf51b4f76c4a_mv2.jpg]
[static.wixstatic.com/media/4c2a10_b2564a52dc4b4f378a219927a4e73a2d_mv2.jpg/v1/fill/w_243,h_310,q_90,enc_avif,quality_auto/4c2a10_b2564a52dc4b4f378a219927a4e73a2d_mv2.jpg]
[static.wixstatic.com/media/4c2a10_b96610869e7243b3b03d8b1ab8e5a8b2_mv2.jpg/v1/fill/w_243,h_206,q_90,enc_avif,quality_auto/4c2a10_b96610869e7243b3b03d8b1ab8e5a8b2_mv2.jpg]
[static.wixstatic.com/media/4c2a10_92dcd16679c541359530d28bfe508ea2_mv2.jpg/v1/fill/w_243,h_310,q_90,enc_avif,quality_auto/4c2a10_92dcd16679c541359530d28bfe508ea2_mv2.jpg]
[static.wixstatic.com/media/4c2a10_80e1ba3b1b1243b3b02d754c0da30ecd_mv2.jpg/v1/fill/w_243,h_206,q_90,enc_avif,quality_auto/4c2a10_80e1ba3b1b1243b3b02d754c0da30ecd_mv2.jpg]
[static.wixstatic.com/media/4c2a10_b2564a52dc4b4f378a219927a4e73a2d_mv2.jpg/v1/fill/w_250,h_250,q_30,blur_30/4c2a10_b2564a52dc4b4f378a219927a4e73a2d_mv2.jpg]
[static.wixstatic.com/media/4c2a10_92dcd16679c541359530d28bfe508ea2_mv2.jpg/v1/fill/w_250,h_250,q_30,blur_30/4c2a10_92dcd16679c541359530d28bfe508ea2_mv2.jpg]
[static.wixstatic.com/media/4c2a10_80e1ba3b1b1243b3b02d754c0da30ecd_mv2.jpg/v1/fill/w_250,h_250,q_30,blur_30/4c2a10_80e1ba3b1b1243b3b02d754c0da30ecd_mv2.jpg]
[static.wixstatic.com/media/4c2a10_791e74fc06d64eb7a123e1ef043c27ad_mv2.jpg/v1/fill/w_243,h_310,q_90,enc_avif,quality_auto/4c2a10_791e74fc06d64eb7a123e1ef043c27ad_mv2.jpg]
[static.wixstatic.com/media/4c2a10_dab4b4a5a27e437aa3e7f1d83182103b_mv2.jpg/v1/fill/w_250,h_250,q_30,blur_30/4c2a10_dab4b4a5a27e437aa3e7f1d83182103b_mv2.jpg]
[static.wixstatic.com/media/4c2a10_38f6421110484e9c89abc6d5ec229442_mv2.jpg/v1/fill/w_243,h_310,q_90,enc_avif,quality_auto/4c2a10_38f6421110484e9c89abc6d5ec229442_mv2.jpg]
[static.wixstatic.com/media/4c2a10_dab4b4a5a27e437aa3e7f1d83182103b_mv2.jpg/v1/fill/w_243,h_206,q_90,enc_avif,quality_auto/4c2a10_dab4b4a5a27e437aa3e7f1d83182103b_mv2.jpg]
[static.wixstatic.com/media/4c2a10_791e74fc06d64eb7a123e1ef043c27ad_mv2.jpg/v1/fill/w_250,h_250,q_30,blur_30/4c2a10_791e74fc06d64eb7a123e1ef043c27ad_mv2.jpg]
[static.wixstatic.com/media/4c2a10_38f6421110484e9c89abc6d5ec229442_mv2.jpg/v1/fill/w_250,h_250,q_30,blur_30/4c2a10_38f6421110484e9c89abc6d5ec229442_mv2.jpg]
[static.wixstatic.com/media/4c2a10_2e9627e604864a4295bd78e3cc1d1d5e_mv2.jpg/v1/fill/w_243,h_206,q_90,enc_avif,quality_auto/4c2a10_2e9627e604864a4295bd78e3cc1d1d5e_mv2.jpg]
[static.wixstatic.com/media/4c2a10_a99f9340b0954729b601bb0f2dfa8d35_mv2.jpg/v1/fill/w_250,h_250,q_30,blur_30/4c2a10_a99f9340b0954729b601bb0f2dfa8d35_mv2.jpg]
[static.wixstatic.com/media/4c2a10_5cc5901e5508498dbdb3389bc9432c28_mv2.jpg/v1/fill/w_243,h_310,q_90,enc_avif,quality_auto/4c2a10_5cc5901e5508498dbdb3389bc9432c28_mv2.jpg]
[static.wixstatic.com/media/4c2a10_3177119aaae04e5c94ced6f1bb76adf5_mv2.jpg/v1/fill/w_808,h_435,al_c,q_80,usm_0.66_1.00_0.01,enc_avif,quality_auto/4c2a10_3177119aaae04e5c94ced6f1bb76adf5_mv2.jpg]
[static.wixstatic.com/media/4c2a10_c27fd6f87136488ab7d5897f07112d73_mv2.jpg/v1/fill/w_789,h_753,al_c,q_85,usm_0.66_1.00_0.01,enc_avif,quality_auto/4c2a10_c27fd6f87136488ab7d5897f07112d73_mv2.jpg]
[static.wixstatic.com/media/4c2a10_6e7a263486954ebd978f86141ef32987_mv2.png/v1/crop/x_78,y_48,w_2622,h_3420/fill/w_917,h_1187,al_c,q_90,usm_0.66_1.00_0.01,enc_a/4c2a10_6e7a263486954ebd978f86141ef32987_mv2.c3.del]
[static.wixstatic.com/media/4c2a10_762b6e43d9824ccda47daad6e538dcba_mv2.jpg/v1/fill/w_479,h_600,al_c,q_80,usm_0.66_1.00_0.01,enc_avif,quality_auto/4c2a10_762b6e43d9824ccda47daad6e538dcba_mv2.jpg]
[static.wixstatic.com/media/4c2a10_a3ca2e2568c7484f8e57ca75ecaf1502_mv2.jpg/v1/crop/x_0,y_0,w_2416,h_3198/fill/w_440,h_581,al_c,q_80,usm_0.66_1.00_0.01,enc_av/4c2a10_a3ca2e2568c7484f8e57ca75ecaf1502_mv2.c5.delay]
[static.wixstatic.com/media/4c2a10_2e17f4d2d1234339ac8d5e844961c065_mv2.jpg/v1/fit/w_408,h_588,q_90,enc_avif,quality_auto/4c2a10_2e17f4d2d1234339ac8d5e844961c065_mv2.jpg]
[static.wixstatic.com/media/4c2a10_fa667c48f9ee49bcb5c3b1b8690eda4f_mv2.jpg/v1/fit/w_761,h_588,q_90,enc_avif,quality_auto/4c2a10_fa667c48f9ee49bcb5c3b1b8690eda4f_mv2.jpg]
[static.wixstatic.com/media/4c2a10_a99f9340b0954729b601bb0f2dfa8d35_mv2.jpg/v1/fill/w_243,h_206,q_90,enc_avif,quality_auto/4c2a10_a99f9340b0954729b601bb0f2dfa8d35_mv2.jpg]
[static.wixstatic.com/media/4c2a10_2e9627e604864a4295bd78e3cc1d1d5e_mv2.jpg/v1/fill/w_250,h_250,q_30,blur_30/4c2a10_2e9627e604864a4295bd78e3cc1d1d5e_mv2.jpg]
[static.wixstatic.com/media/4c2a10_5cc5901e5508498dbdb3389bc9432c28_mv2.jpg/v1/fill/w_250,h_250,q_30,blur_30/4c2a10_5cc5901e5508498dbdb3389bc9432c28_mv2.jpg]
[static.wixstatic.com/media/4c2a10_1132b7b7f2534dc5baebe1f4b86cc48a_mv2.jpg/v1/fill/w_119,h_103,al_c,q_80,usm_0.66_1.00_0.01,blur_2,enc_avif,quality_auto/4c2a10_1132b7b7f2534dc5baebe1f4b86cc48a_mv2.jpg]
[static.wixstatic.com/media/4c2a10_c076702ca5f5435fbe7c402d6f2708ad_mv2.gif]
[static.wixstatic.com/media/4c2a10_f3747beda58e4b9daadc74718f6dccc0_mv2.jpg/v1/crop/x_0,y_0,w_1531,h_1530/fill/w_437,h_437,al_c,q_80,usm_0.66_1.00_0.01,enc_avif,quality_auto/1_01_edited.jpg]
[static.wixstatic.com/media/4c2a10_27f56e6c7ab844e096ea4a81d36994ec_mv2.jpg/v1/fill/w_424,h_418,al_c,q_80,usm_0.66_1.00_0.01,enc_avif,quality_auto/4_01_edited.jpg]
[static.wixstatic.com/media/4c2a10_beb298ec0e4142ebb937b8c104bb49aa_mv2.jpg/v1/crop/x_0,y_0,w_3516,h_3307/fill/w_113,h_106,al_c,q_80,usm_0.66_1.00_0.01,blur_2/4c2a10_beb298ec0e4142ebb937b8c104bb49aa_mv2.c9.delay]
[static.wixstatic.com/media/4c2a10_8bb43a2f106d4d8ca439b8fa3561ee5b_mv2.png/v1/fill/w_524,h_524,al_c,q_85,usm_0.66_1.00_0.01,enc_avif,quality_auto/Timeline Diagrams-01.png]
[static.wixstatic.com/media/4c2a10_d97beff8ce7c40d9bda932d2c468773a_mv2.jpg/v1/fill/w_117,h_150,al_c,q_80,usm_0.66_1.00_0.01,blur_2,enc_avif,quality_auto/4c2a10_d97beff8ce7c40d9bda932d2c468773a_mv2.jpg]
[static.wixstatic.com/media/4c2a10_c58f7e58e2c649398aa96adf1ff16a6e_mv2.jpg/v1/fill/w_112,h_150,al_c,q_80,usm_0.66_1.00_0.01,blur_2,enc_avif,quality_auto/4c2a10_c58f7e58e2c649398aa96adf1ff16a6e_mv2.jpg]
[static.wixstatic.com/media/4c2a10_b3c3b79aa69645939cab0c32abadee26_mv2.gif/v1/fill/w_81,h_81,al_c,usm_0.66_1.00_0.01,blur_2,pstr/4c2a10_b3c3b79aa69645939cab0c32abadee26_mv2.gif]
[static.wixstatic.com/media/4c2a10_cfedaad48d524ec287fa37714e36c225_mv2.jpg/v1/fit/w_146,h_146,q_75,enc_avif,quality_auto/4c2a10_cfedaad48d524ec287fa37714e36c225_mv2.jpg]
[static.wixstatic.com/media/4c2a10_3be7d521f45641b3ab6a8bff6653157f_mv2.gif/v1/fit/w_147,h_146,q_75,enc_avif,quality_auto/4c2a10_3be7d521f45641b3ab6a8bff6653157f_mv2.gif]
[static.wixstatic.com/media/4c2a10_c076702ca5f5435fbe7c402d6f2708ad_mv2.gif/v1/fit/w_307,h_306,q_90,enc_avif,quality_auto/4c2a10_c076702ca5f5435fbe7c402d6f2708ad_mv2.gif]
[static.wixstatic.com/media/4c2a10_181cf612c54d4c2ab98cf6849ea88300_mv2.gif/v1/fit/w_307,h_306,q_90,enc_avif,quality_auto/4c2a10_181cf612c54d4c2ab98cf6849ea88300_mv2.gif]
[static.wixstatic.com/media/4c2a10_9e06aafb627f4743a285e1a4f185cb60_mv2.gif/v1/fill/w_81,h_78,al_c,usm_0.66_1.00_0.01,blur_2,pstr/4c2a10_9e06aafb627f4743a285e1a4f185cb60_mv2.gif]
[static.wixstatic.com/media/4c2a10_218cfa3826434b8480c7b3d752de478a_mv2.gif/v1/fit/w_306,h_306,q_90,enc_avif,quality_auto/4c2a10_218cfa3826434b8480c7b3d752de478a_mv2.gif]
[static.wixstatic.com/media/4c2a10_02701056811448a797020d2b2778b088_mv2.gif/v1/fill/w_81,h_81,al_c,usm_0.66_1.00_0.01,blur_2,pstr/4c2a10_02701056811448a797020d2b2778b088_mv2.gif]
[static.wixstatic.com/media/4c2a10_671b8aeb56a8402c9580ca7a179a8a0f_mv2.jpg/v1/fill/w_96,h_96,al_c,q_80,usm_0.66_1.00_0.01,blur_2,enc_avif,quality_auto/4c2a10_671b8aeb56a8402c9580ca7a179a8a0f_mv2.jpg]
[static.wixstatic.com/media/4c2a10_f97d230520f044b883066e18bd9d108c_mv2.gif/v1/fit/w_307,h_306,q_90,enc_avif,quality_auto/4c2a10_f97d230520f044b883066e18bd9d108c_mv2.gif]
[static.wixstatic.com/media/4c2a10_41f1ebacfa2b4b329626ed3cce89f781_mv2.gif/v1/fit/w_307,h_306,q_90,enc_avif,quality_auto/4c2a10_41f1ebacfa2b4b329626ed3cce89f781_mv2.gif]
[static.wixstatic.com/media/4c2a10_603869df8013479397f64702f0bde1ff_mv2.gif/v1/fit/w_306,h_306,q_90,enc_avif,quality_auto/4c2a10_603869df8013479397f64702f0bde1ff_mv2.gif]
[static.wixstatic.com/media/4c2a10_637b3c28ae924d239ba21e4061cf60c4_mv2.jpg/v1/fit/w_307,h_306,q_90,enc_avif,quality_auto/4c2a10_637b3c28ae924d239ba21e4061cf60c4_mv2.jpg]
[static.wixstatic.com/media/4c2a10_b4a8df87a0b04aa6ae26215c478ed3ae_mv2.jpg/v1/fit/w_307,h_306,q_90,enc_avif,quality_auto/4c2a10_b4a8df87a0b04aa6ae26215c478ed3ae_mv2.jpg]
[static.wixstatic.com/media/4c2a10_add24db20b80456988a4347738360216_mv2.jpg/v1/fill/w_566,h_755,al_c,q_85,usm_0.66_1.00_0.01,enc_avif,quality_auto/4c2a10_add24db20b80456988a4347738360216_mv2.jpg]
[static.wixstatic.com/media/4c2a10_9324b87a7dcd467381501db26452bd68_mv2.jpg/v1/fill/w_569,h_755,al_c,q_85,usm_0.66_1.00_0.01,enc_avif,quality_auto/4c2a10_9324b87a7dcd467381501db26452bd68_mv2.jpg]
[static.wixstatic.com/media/4c2a10_00a2a81b913a4844a101c93fc7ed52a0_mv2.jpg/v1/fill/w_578,h_772,al_c,q_85,usm_0.66_1.00_0.01,enc_avif,quality_auto/4c2a10_00a2a81b913a4844a101c93fc7ed52a0_mv2.jpg]
[static.wixstatic.com/media/4c2a10_177592bede6e4bf4a1392b85d3d079a2_mv2.jpg/v1/fill/w_579,h_772,al_c,q_85,usm_0.66_1.00_0.01,enc_avif,quality_auto/4c2a10_177592bede6e4bf4a1392b85d3d079a2_mv2.jpg]
[static.wixstatic.com/media/4c2a10_4a12954bdec64dd589bfdd7662483927_mv2.png/v1/fill/w_978,h_512,al_c,q_90,usm_0.66_1.00_0.01,enc_avif,quality_auto/4c2a10_4a12954bdec64dd589bfdd7662483927_mv2.png]
[static.wixstatic.com/media/4c2a10_9d3d6eb6de3440d6a79f9b65676e2e2b_mv2.jpg/v1/fit/w_306,h_306,q_90,enc_avif,quality_auto/4c2a10_9d3d6eb6de3440d6a79f9b65676e2e2b_mv2.jpg]
[static.wixstatic.com/media/4c2a10_6e8f1d4a1bef4dcd90d5a33354fb40cb_mv2.jpg/v1/fill/w_108,h_108,al_c,q_80,usm_0.66_1.00_0.01,blur_2,enc_avif,quality_auto/4c2a10_6e8f1d4a1bef4dcd90d5a33354fb40cb_mv2.jpg]
[static.wixstatic.com/media/4c2a10_545fe505ebce42ffb9e2e69238a6b7a9_mv2.jpg/v1/fill/w_110,h_108,al_c,q_80,usm_0.66_1.00_0.01,blur_2,enc_avif,quality_auto/4c2a10_545fe505ebce42ffb9e2e69238a6b7a9_mv2.jpg]
[static.wixstatic.com/media/4c2a10_a9eb280b29904b5d945578fc6e07e653_mv2.jpg/v1/crop/x_2,y_0,w_755,h_452/fill/w_89,h_53,al_c,q_80,usm_0.66_1.00_0.01,blur_2,e/4c2a10_a9eb280b29904b5d945578fc6e07e653_mv2.jpg]
[static.wixstatic.com/media/4c2a10_9dcf3410819e499b824da2159fd08b60_mv2.jpg/v1/fill/w_566,h_755,al_c,q_85,usm_0.66_1.00_0.01,enc_avif,quality_auto/4c2a10_9dcf3410819e499b824da2159fd08b60_mv2.jpg]
[static.wixstatic.com/media/4c2a10_a9eb280b29904b5d945578fc6e07e653_mv2.jpg/v1/crop/x_784,y_0,w_744,h_452/fill/w_88,h_53,al_c,q_80,usm_0.66_1.00_0.01,blur_2,e/4c2a10_a9eb280b29904b5d945578fc6e07e653_mv2.e7.delay]
[static.wixstatic.com/media/4c2a10_d44e84a5ac244deab16df3ae894f8795_mv2.jpg/v1/fill/w_147,h_111,al_c,q_80,usm_0.66_1.00_0.01,blur_2,enc_avif,quality_auto/4c2a10_d44e84a5ac244deab16df3ae894f8795_mv2.jpg]
[static.wixstatic.com/media/4c2a10_596fb403b1a04116ae9ee5ecdef32cad_mv2.jpg/v1/fill/w_151,h_37,al_c,q_80,usm_0.66_1.00_0.01,blur_2,enc_avif,quality_auto/4c2a10_596fb403b1a04116ae9ee5ecdef32cad_mv2.jpg]
[static.wixstatic.com/media/4c2a10_deef5d1bd13148f3a20b0d134e057f4f_mv2.jpg/v1/fill/w_133,h_235,al_c,q_80,usm_0.66_1.00_0.01,blur_2,enc_avif,quality_auto/4c2a10_deef5d1bd13148f3a20b0d134e057f4f_mv2.jpg]
[static.wixstatic.com/media/4c2a10_d53f10afb2704ca781b946d5fbb672d7_mv2.jpg/v1/fill/w_152,h_31,al_c,q_80,usm_0.66_1.00_0.01,blur_2,enc_avif,quality_auto/4c2a10_d53f10afb2704ca781b946d5fbb672d7_mv2.jpg]
[static.wixstatic.com/media/4c2a10_c209d525eea345a498f06e4b1d6aeea1_mv2.jpg/v1/fill/w_78,h_150,al_c,q_80,usm_0.66_1.00_0.01,blur_2,enc_avif,quality_auto/4c2a10_c209d525eea345a498f06e4b1d6aeea1_mv2.jpg]
[static.wixstatic.com/media/4c2a10_cd07f71542314ecb888c37c406c82558_mv2.jpg/v1/fill/w_141,h_123,al_c,q_80,usm_0.66_1.00_0.01,blur_2,enc_avif,quality_auto/4c2a10_cd07f71542314ecb888c37c406c82558_mv2.jpg]
[static.wixstatic.com/media/4c2a10_59b07b88eee64f7fac029deca1922371_mv2.jpg/v1/fill/w_103,h_150,al_c,q_80,usm_0.66_1.00_0.01,blur_2,enc_avif,quality_auto/4c2a10_59b07b88eee64f7fac029deca1922371_mv2.jpg]
[static.wixstatic.com/media/4c2a10_b746f8c36889405a81e0a36535d09e19_mv2.png/v1/crop/x_5,y_16,w_5095,h_2749/fill/w_978,h_528,al_c,q_90,usm_0.66_1.00_0.01,enc_av/4c2a10_b746f8c36889405a81e0a36535d09e19_mv2.f2.dela]
[static.wixstatic.com/media/4c2a10_ff8b60df150a4f6a85acb0b72065c6b0_mv2.jpg/v1/fill/w_147,h_336,al_c,q_80,usm_0.66_1.00_0.01,blur_2,enc_avif,quality_auto/4c2a10_ff8b60df150a4f6a85acb0b72065c6b0_mv2.jpg]
[static.wixstatic.com/media/4c2a10_8cdb5378c27a4cf39e59c10e73a0550c_mv2.png/v1/crop/x_220,y_0,w_4360,h_2860/fill/w_535,h_351,al_c,q_85,usm_0.66_1.00_0.01,enc_av/4c2a10_8cdb5378c27a4cf39e59c10e73a0550c_mv2.f4.del]
[static.wixstatic.com/media/4c2a10_b9fd166f16974e0cb6912138174c6b4f_mv2.png/v1/crop/x_0,y_405,w_3076,h_2565/fill/w_420,h_351,al_c,q_85,usm_0.66_1.00_0.01,enc_av/4c2a10_b9fd166f16974e0cb6912138174c6b4f_mv2.f5.del]
[static.wixstatic.com/media/4c2a10_9a50b979aa64443397618246d3f20f50_mv2.jpg/v1/crop/x_1200,y_0,w_3384,h_2692/fill/w_450,h_358,al_c,q_80,usm_0.66_1.00_0.01,enc_av/4c2a10_9a50b979aa64443397618246d3f20f50_mv2.f6.de]
[static.wixstatic.com/media/4c2a10_01b7349866d74a68a97754622514cb94_mv2.png/v1/fill/w_47,h_36,al_c,q_85,usm_0.66_1.00_0.01,blur_2,enc_avif,quality_auto/4c2a10_01b7349866d74a68a97754622514cb94_mv2.png]
[static.wixstatic.com/media/4c2a10_ea75ce12c8dc452fbb1b86cc95471567_mv2.jpg/v1/fill/w_493,h_376,al_c,q_80,usm_0.66_1.00_0.01,enc_avif,quality_auto/4c2a10_ea75ce12c8dc452fbb1b86cc95471567_mv2.jpg]
[static.wixstatic.com/media/4c2a10_9d0f61b2669b42858f6584e49f13f517_mv2.jpg/v1/fill/w_470,h_440,al_c,q_80,usm_0.66_1.00_0.01,enc_avif,quality_auto/4c2a10_9d0f61b2669b42858f6584e49f13f517_mv2.jpg]
[static.wixstatic.com/media/4c2a10_dc51e69a4ccb4a34aa22c6074560d162_mv2.png/v1/crop/x_104,y_0,w_2423,h_1682/fill/w_441,h_306,al_c,q_85,usm_0.66_1.00_0.01,enc_av/4c2a10_dc51e69a4ccb4a34aa22c6074560d162_mv2.fa.del]
[static.wixstatic.com/media/4c2a10_c1c93b52a71641378286e9ed499e5042_mv2.jpg/v1/fill/w_486,h_467,al_c,q_80,usm_0.66_1.00_0.01,enc_avif,quality_auto/4c2a10_c1c93b52a71641378286e9ed499e5042_mv2.jpg]
[static.wixstatic.com/media/4c2a10_4b31e58e4f254efaae91468acfa8e397_mv2.png/v1/crop/x_514,y_0,w_4358,h_2868/fill/w_441,h_290,al_c,q_85,usm_0.66_1.00_0.01,enc_av/4c2a10_4b31e58e4f254efaae91468acfa8e397_mv2.fc.del]
[static.wixstatic.com/media/4c2a10_b1b14a72fd304be0ac59ca8138ec7d79_mv2.jpg/v1/fill/w_484,h_369,al_c,q_80,usm_0.66_1.00_0.01,enc_avif,quality_auto/4c2a10_b1b14a72fd304be0ac59ca8138ec7d79_mv2.jpg]
[static.wixstatic.com/media/4c2a10_e21cc8e5a4b34fb8b79d11799535e566_mv2.png/v1/crop/x_437,y_0,w_4118,h_2605/fill/w_440,h_279,al_c,q_85,usm_0.66_1.00_0.01,enc_av/4c2a10_e21cc8e5a4b34fb8b79d11799535e566_mv2.fe.del]
[static.wixstatic.com/media/4c2a10_5fb0acb2d6684be68e0564b51f92b95c_mv2.jpg/v1/crop/x_0,y_0,w_9300,h_7980/fill/w_471,h_405,al_c,q_80,usm_0.66_1.00_0.01,enc_av/4c2a10_5fb0acb2d6684be68e0564b51f92b95c_mv2.ff.delay]
[static.wixstatic.com/media/4c2a10_034a99bdd6ec4bff9c1008190d681046_mv2.jpg/v1/fill/w_146,h_54,al_c,q_80,usm_0.66_1.00_0.01,blur_2,enc_avif,quality_auto/4c2a10_034a99bdd6ec4bff9c1008190d681046_mv2.jpg]
[static.wixstatic.com/media/4c2a10_0bb663611abe468d949fe093364fea2a_mv2.png/v1/fill/w_487,h_289,al_c,q_85,usm_0.66_1.00_0.01,enc_avif,quality_auto/4c2a10_0bb663611abe468d949fe093364fea2a_mv2.png]
[static.wixstatic.com/media/4c2a10_8a46786f576b4108b8e407abbd15f716_mv2.png/v1/fill/w_492,h_371,al_c,q_85,usm_0.66_1.00_0.01,enc_avif,quality_auto/4c2a10_8a46786f576b4108b8e407abbd15f716_mv2.png]
[static.wixstatic.com/media/4c2a10_ff193ae8af63436c9c591c0a71473ac6_mv2.png/v1/fill/w_456,h_339,al_c,q_85,usm_0.66_1.00_0.01,enc_avif,quality_auto/4c2a10_ff193ae8af63436c9c591c0a71473ac6_mv2.png]
[static.wixstatic.com/media/4c2a10_5d042d4ba5674170a4bfcc4ee69cba19_mv2.png/v1/fill/w_481,h_242,al_c,q_85,usm_0.66_1.00_0.01,enc_avif,quality_auto/4c2a10_5d042d4ba5674170a4bfcc4ee69cba19_mv2.png]
[static.wixstatic.com/media/4c2a10_22a316c3c74749069bb2bc4618d7481f_mv2.jpg/v1/fill/w_979,h_561,al_c,q_85,usm_0.66_1.00_0.01,enc_avif,quality_auto/4c2a10_22a316c3c74749069bb2bc4618d7481f_mv2.jpg]
[static.wixstatic.com/media/4c2a10_96385a701ddd43f18826a7d2a5ed4d2e_mv2.jpg/v1/crop/x_0,y_794,w_4175,h_4560/fill/w_405,h_442,al_c,q_80,usm_0.66_1.00_0.01,enc_avif,quality_auto/Side View Render.jpg]
[static.wixstatic.com/media/4c2a10_a346e1d874ca46cdaf0d554264c1ab52_mv2.gif]
[static.wixstatic.com/media/4c2a10_c1ba4619e30c4779bcd9ace1ea6ce628_mv2.gif]
[static.wixstatic.com/media/4c2a10_04cd4430011d4287945c557d71690515_mv2.jpg/v1/fill/w_177,h_428,al_c,q_80,usm_0.66_1.00_0.01,enc_avif,quality_auto/Hart Island Site Plan-01.jpg]
[static.wixstatic.com/media/4c2a10_969188b97a804e459f7e122fa032dd03_mv2.jpg/v1/fill/w_163,h_169,al_c,q_80,usm_0.66_1.00_0.01,enc_avif,quality_auto/NYC Map-01.jpg]
[static.wixstatic.com/media/4c2a10_d98557f650ee40a0befe7c9252411c5d_mv2.jpg/v1/crop/x_293,y_384,w_550,h_875/fill/w_109,h_173,al_c,q_80,usm_0.66_1.00_0.01,blur_3,enc_avif,quality_auto/Isometric-01.jpg]
[static.wixstatic.com/media/4c2a10_e31a269c61f34f8994217e21a9445e2b_mv2.jpg/v1/fill/w_140,h_69,al_c,q_80,usm_0.66_1.00_0.01,blur_2,enc_avif,quality_auto/History Diagram labeled-01.jpg]
[static.wixstatic.com/media/4c2a10_d98557f650ee40a0befe7c9252411c5d_mv2.jpg/v1/crop/x_1238,y_331,w_550,h_875/fill/w_109,h_173,al_c,q_80,usm_0.66_1.00_0.01,blur_3,enc_avif,quality_auto/Isometric-01.jpg]
[static.wixstatic.com/media/4c2a10_d98557f650ee40a0befe7c9252411c5d_mv2.jpg/v1/crop/x_784,y_373,w_550,h_875/fill/w_109,h_173,al_c,q_80,usm_0.66_1.00_0.01,blur_3,enc_avif,quality_auto/Isometric-01.jpg]
[static.wixstatic.com/media/4c2a10_d98557f650ee40a0befe7c9252411c5d_mv2.jpg/v1/crop/x_1761,y_341,w_507,h_875/fill/w_101,h_174,al_c,q_80,usm_0.66_1.00_0.01,blur_3,enc_avif,quality_auto/Isometric-01.jpg]
[static.wixstatic.com/media/4c2a10_d98557f650ee40a0befe7c9252411c5d_mv2.jpg/v1/crop/x_2235,y_336,w_507,h_875/fill/w_101,h_174,al_c,q_80,usm_0.66_1.00_0.01,blur_3,enc_avif,quality_auto/Isometric-01.jpg]
[static.wixstatic.com/media/4c2a10_d98557f650ee40a0befe7c9252411c5d_mv2.jpg/v1/crop/x_0,y_1232,w_3201,h_2800/fill/w_115,h_101,al_c,q_80,usm_0.66_1.00_0.01,blur_2,enc_avif,quality_auto/Isometric-01.jpg]
[static.wixstatic.com/media/4c2a10_492ee90316e54b278f7aa6e14f957007_mv2.jpg/v1/fill/w_79,h_81,al_c,q_80,usm_0.66_1.00_0.01,blur_2,enc_avif,quality_auto/Render from Below.jpg]
[static.wixstatic.com/media/4c2a10_9e3d3acde8c043369ccd62156cbac3c1_mv2.jpg/v1/fill/w_116,h_58,al_c,q_80,usm_0.66_1.00_0.01,blur_2,enc_avif,quality_auto/Interior Render.jpg]
[static.wixstatic.com/media/4c2a10_df2ea824f6f140cfadeb3296fd2c49f6_mv2.jpg/v1/crop/x_0,y_0,w_14193,h_8648/fill/w_121,h_74,al_c,q_80,usm_0.66_1.00_0.01,blur_2,enc_avif,quality_auto/+3000 Plan-01.jpg]
[static.wixstatic.com/media/4c2a10_179ea7ab59a646b696849fec185591f6_mv2.jpg/v1/crop/x_0,y_0,w_2968,h_2926/fill/w_101,h_99,al_c,q_80,usm_0.66_1.00_0.01,blur_2,enc_avif,quality_auto/Render Side Floating.jpg]
[static.wixstatic.com/media/4c2a10_262b825d49814a33958e01b5880ed86b_mv2.jpg/v1/crop/x_0,y_0,w_15081,h_9390/fill/w_118,h_74,al_c,q_80,usm_0.66_1.00_0.01,blur_2,enc_avif,quality_auto/+20000 Plan-01.jpg]
[static.wixstatic.com/media/4c2a10_ee53efd7d5ed47728d5d8278da7a9ec5_mv2.jpg/v1/fill/w_98,h_71,al_c,q_80,usm_0.66_1.00_0.01,blur_2,enc_avif,quality_auto/Lake view render.jpg]
[static.wixstatic.com/media/4c2a10_604d72edfb304b23bd629377ed7250e8_mv2.jpg/v1/fill/w_146,h_83,al_c,q_80,usm_0.66_1.00_0.01,blur_2,enc_avif,quality_auto/Section.jpg]
[static.wixstatic.com/media/4c2a10_793aaac310fa40ab9e6c499cc9a7a431_mv2.png/v1/fill/w_600,h_600,al_c,q_85,usm_0.66_1.00_0.01,enc_avif,quality_auto/4c2a10_793aaac310fa40ab9e6c499cc9a7a431_mv2.png]
[static.wixstatic.com/media/4c2a10_f247da536cba448a934c7560b322c46d_mv2.png/v1/crop/x_0,y_1796,w_10800,h_7174/fill/w_980,h_651,al_c,q_90,usm_0.66_1.00_0.01,enc_av/4c2a10_f247da536cba448a934c7560b322c46d_mv2.11a]
[static.wixstatic.com/media/4c2a10_d9616089e71b4734afed802acb53172b_mv2.png/v1/fill/w_979,h_979,al_c,q_90,usm_0.66_1.00_0.01,enc_avif,quality_auto/4c2a10_d9616089e71b4734afed802acb53172b_mv2.png]
[static.wixstatic.com/media/4c2a10_e8f23f3e164c4ba6ae03cf6065795926_mv2.png/v1/fill/w_75,h_56,al_c,q_85,usm_0.66_1.00_0.01,blur_2,enc_avif,quality_auto/Elevation-01.png]
[static.wixstatic.com/media/4c2a10_33004a27120648f4869088cc46bf8514_mv2.png/v1/fill/w_979,h_979,al_c,q_90,usm_0.66_1.00_0.01,enc_avif,quality_auto/4c2a10_33004a27120648f4869088cc46bf8514_mv2.png]
[static.wixstatic.com/media/4c2a10_e1fa524b29cf448ab6f29989c6ee5570_mv2.png/v1/crop/x_0,y_0,w_10800,h_6876/fill/w_982,h_624,al_c,q_90,usm_0.66_1.00_0.01,enc_av/4c2a10_e1fa524b29cf448ab6f29989c6ee5570_mv2.11d.del]
[static.wixstatic.com/media/4c2a10_d844c0f11aa44b85a1fc33718f13020d_mv2.png/v1/fill/w_981,h_981,al_c,q_90,usm_0.66_1.00_0.01,enc_avif,quality_auto/4c2a10_d844c0f11aa44b85a1fc33718f13020d_mv2.png]
[static.wixstatic.com/media/4c2a10_79a6292f7d4d46d785af9591f37e7bb9_mv2.png/v1/fill/w_981,h_981,al_c,q_90,usm_0.66_1.00_0.01,enc_avif,quality_auto/4c2a10_79a6292f7d4d46d785af9591f37e7bb9_mv2.png]
[static.wixstatic.com/media/4c2a10_7a7224e4afec4ccebb7840b5c1a63730_mv2.png/v1/crop/x_0,y_0,w_10800,h_10242/fill/w_979,h_930,al_c,q_90,usm_0.66_1.00_0.01,enc_av/4c2a10_7a7224e4afec4ccebb7840b5c1a63730_mv2.120.de]
[static.wixstatic.com/media/4c2a10_9e83cc08cb3b4336a81ba098e8aec61e_mv2.png/v1/fill/w_979,h_979,al_c,q_90,usm_0.66_1.00_0.01,enc_avif,quality_auto/4c2a10_9e83cc08cb3b4336a81ba098e8aec61e_mv2.png]
[static.wixstatic.com/media/4c2a10_e1426830d2d945a18bb869f72ddeba57_mv2.png/v1/fill/w_979,h_979,al_c,q_90,usm_0.66_1.00_0.01,enc_avif,quality_auto/4c2a10_e1426830d2d945a18bb869f72ddeba57_mv2.png]
[static.wixstatic.com/media/4c2a10_7528d3fa5e4b46e1bcd666178f575b1c_mv2.png/v1/crop/x_0,y_2679,w_10800,h_5619/fill/w_959,h_498,al_c,q_90,usm_0.66_1.00_0.01,enc_av/4c2a10_7528d3fa5e4b46e1bcd666178f575b1c_mv2.123]
[static.wixstatic.com/media/4c2a10_d446d2e9c0a64c5b9146dd7cb0c4e48f_mv2.jpg/v1/fill/w_600,h_570,al_c,q_80,usm_0.66_1.00_0.01,enc_avif,quality_auto/Interior Render.jpg]
[static.wixstatic.com/media/4c2a10_e5fee05379344f7f8d7b073111bf574b_mv2.jpg/v1/fill/w_161,h_90,al_c,q_80,usm_0.66_1.00_0.01,blur_2,enc_avif,quality_auto/Atrium Render.jpg]
[static.wixstatic.com/media/4c2a10_a63dc70d149f4bc39c15689313c69b38_mv2.jpg/v1/fill/w_108,h_102,al_c,q_80,usm_0.66_1.00_0.01,blur_2,enc_avif,quality_auto/Wall Exploded Axon.jpg]
[static.wixstatic.com/media/4c2a10_2866d2e42d5545729f4792facf996604_mv2.jpg/v1/fill/w_150,h_49,al_c,q_80,usm_0.66_1.00_0.01,blur_2,enc_avif,quality_auto/History Bubbles.jpg]
[static.wixstatic.com/media/4c2a10_c48a5834ea7e47db91007779bb680f0c_mv2.jpg/v1/fill/w_91,h_92,al_c,q_80,usm_0.66_1.00_0.01,blur_2,enc_avif,quality_auto/Site Plan.jpg]
[static.wixstatic.com/media/4c2a10_a103854cfe7f4d88b12cfb30411d64f0_mv2.jpg/v1/fill/w_107,h_125,al_c,q_80,usm_0.66_1.00_0.01,blur_2,enc_avif,quality_auto/Hut vs Cave.jpg]
[static.wixstatic.com/media/4c2a10_7b0e083670a54ebd821d30d54645d442_mv2.jpg/v1/fill/w_144,h_39,al_c,q_80,usm_0.66_1.00_0.01,blur_2,enc_avif,quality_auto/Process Diagrams.jpg]
[static.wixstatic.com/media/4c2a10_7ce13a3ccfb3416e868346f20a076c89_mv2.jpg/v1/fill/w_147,h_73,al_c,q_80,usm_0.66_1.00_0.01,blur_2,enc_avif,quality_auto/Exterior Render.jpg]
[static.wixstatic.com/media/4c2a10_f30dd2c7356b4f44b483be652aaf087e_mv2.jpg/v1/fill/w_156,h_41,al_c,q_80,usm_0.66_1.00_0.01,blur_2,enc_avif,quality_auto/ACSA Boards3_edited.jpg]
[static.wixstatic.com/media/4c2a10_10268fbc5c6a4aa3bf6d50969a8b890a_mv2.jpg/v1/fill/w_146,h_55,al_c,q_80,usm_0.66_1.00_0.01,blur_2,enc_avif,quality_auto/Rendered Section.jpg]
[static.wixstatic.com/media/4c2a10_075b6d2461f54b7d98cf51f4b03d36ee_mv2.jpg/v1/fill/w_147,h_111,al_c,q_80,usm_0.66_1.00_0.01,blur_2,enc_avif,quality_auto/Plans.jpg]
[static.wixstatic.com/media/4c2a10_43f1ef0d326d41469468a86d888a3550_mv2.jpg/v1/fill/w_149,h_148,al_c,q_80,usm_0.66_1.00_0.01,blur_2,enc_avif,quality_auto/Exploded Axon.jpg]
[static.wixstatic.com/media/4c2a10_8649386d56ff44e8a4ca1d77b8247254_mv2.jpg/v1/fill/w_149,h_42,al_c,q_80,usm_0.66_1.00_0.01,blur_2,enc_avif,quality_auto/Section.jpg]
[static.wixstatic.com/media/4c2a10_aecd1b5ae21644ab835bf94588888154_mv2.jpg/v1/fill/w_147,h_201,al_c,q_80,usm_0.66_1.00_0.01,blur_2,enc_avif,quality_auto/Room Breakdown.jpg]
[static.wixstatic.com/media/4c2a10_0ad3e3ffd2474a9f976b2dd90acc66d9_mv2.png/v1/crop/x_0,y_592,w_5100,h_2708/fill/w_982,h_521,al_c,q_90,usm_0.66_1.00_0.01,enc_av/4c2a10_0ad3e3ffd2474a9f976b2dd90acc66d9_mv2.133.de]
[static.wixstatic.com/media/4c2a10_c31e7c30674c4847af7a16ffa4981950_mv2.jpg/v1/fill/w_108,h_74,al_c,q_80,usm_0.66_1.00_0.01,blur_2,enc_avif,quality_auto/ACSA Boards4_edited.jpg]
[static.wixstatic.com/media/4c2a10_73cefb649eca44ad90d01b7e345e2875_mv2.jpg/v1/crop/x_2,y_0,w_1130,h_1137/fill/w_110,h_111,al_c,q_80,usm_0.66_1.00_0.01,blur_2,enc_avif,quality_auto/Detail Sections.jpg]
[static.wixstatic.com/media/4c2a10_73cefb649eca44ad90d01b7e345e2875_mv2.jpg/v1/crop/x_1132,y_2,w_998,h_1135/fill/w_99,h_113,al_c,q_80,usm_0.66_1.00_0.01,blur_2,enc_avif,quality_auto/Detail Sections.jpg]
[static.wixstatic.com/media/4c2a10_2c80eb3c2e6c4f71bd4194dda5377f5d_mv2.png/v1/fill/w_49,h_32,al_c,q_85,usm_0.66_1.00_0.01,blur_2,enc_avif,quality_auto/4c2a10_2c80eb3c2e6c4f71bd4194dda5377f5d_mv2.png]
[static.wixstatic.com/media/4c2a10_722c826794fb482193c1dbbcae87ff33_mv2.png/v1/fill/w_89,h_23,al_c,q_85,usm_0.66_1.00_0.01,blur_2,enc_avif,quality_auto/4c2a10_722c826794fb482193c1dbbcae87ff33_mv2.png]
[static.wixstatic.com/media/4c2a10_a4d6252b8bbc45d0850ac2d2dd20e831_mv2.png/v1/fill/w_60,h_33,al_c,q_85,usm_0.66_1.00_0.01,blur_2,enc_avif,quality_auto/4c2a10_a4d6252b8bbc45d0850ac2d2dd20e831_mv2.png]
[static.wixstatic.com/media/4c2a10_09778f0cad7f420b8b4a6c59645dd2a9_mv2.png/v1/fill/w_60,h_33,al_c,q_85,usm_0.66_1.00_0.01,blur_2,enc_avif,quality_auto/4c2a10_09778f0cad7f420b8b4a6c59645dd2a9_mv2.png]
[static.wixstatic.com/media/4c2a10_a83374df08484576b8d3c046e92ad8c1_mv2.png/v1/fill/w_113,h_150,al_c,q_85,usm_0.66_1.00_0.01,blur_2,enc_avif,quality_auto/4c2a10_a83374df08484576b8d3c046e92ad8c1_mv2.png]
[static.wixstatic.com/media/4c2a10_fe4deca6b25e4a96b1e962a85d3b0689_mv2.png/v1/fill/w_60,h_49,al_c,q_85,usm_0.66_1.00_0.01,blur_2,enc_avif,quality_auto/4c2a10_fe4deca6b25e4a96b1e962a85d3b0689_mv2.png]
[static.wixstatic.com/media/4c2a10_1074e5bd55af464bb5fe5cdd252b0dab_mv2.png/v1/fill/w_60,h_33,al_c,q_85,usm_0.66_1.00_0.01,blur_2,enc_avif,quality_auto/4c2a10_1074e5bd55af464bb5fe5cdd252b0dab_mv2.png]
[static.wixstatic.com/media/4c2a10_271d988eb3fe451e9f86547b81b2639e_mv2.png/v1/fill/w_95,h_61,al_c,q_85,usm_0.66_1.00_0.01,blur_2,enc_avif,quality_auto/4c2a10_271d988eb3fe451e9f86547b81b2639e_mv2.png]
[static.wixstatic.com/media/4c2a10_70a26336864143529e85f00404f9c1e6_mv2.png/v1/fill/w_66,h_57,al_c,q_85,usm_0.66_1.00_0.01,blur_2,enc_avif,quality_auto/4c2a10_70a26336864143529e85f00404f9c1e6_mv2.png]
[static.wixstatic.com/media/4c2a10_eaa8b20e1c164f02a4ff7e33e0688839_mv2.jpg/v1/fill/w_600,h_450,al_c,q_80,usm_0.66_1.00_0.01,enc_avif,quality_auto/4c2a10_eaa8b20e1c164f02a4ff7e33e0688839_mv2.jpg]
[static.wixstatic.com/media/4c2a10_5bdfb14e7c9340d1a20c80b973ac9db9_mv2.png/v1/crop/x_213,y_0,w_1830,h_3000/fill/w_366,h_600,al_c,q_85,usm_0.66_1.00_0.01,enc_av/Bruce 2 b&w_edited_edited_edited_edited_.141.delay]
[static.wixstatic.com/media/4c2a10_9901ea1db9514987a06a4d5173a159b8_mv2.jpg/v1/crop/x_0,y_0,w_1573,h_1857/fill/w_466,h_544,al_c,q_80,usm_0.66_1.00_0.01,enc_av/4c2a10_9901ea1db9514987a06a4d5173a159b8_mv2.142.dela]
[static.wixstatic.com/media/4c2a10_88c45948ee214d35bd9caa1dd19840a0_mv2.jpg/v1/fill/w_756,h_978,al_c,q_85,usm_0.66_1.00_0.01,enc_avif,quality_auto/Bruce Zoom in_edited.jpg]
[static.wixstatic.com/media/4c2a10_d17f1d7e8bc7438186bda6260be6c6f1_mv2.jpg/v1/fill/w_979,h_1267,al_c,q_85,usm_0.66_1.00_0.01,enc_avif,quality_auto/4c2a10_d17f1d7e8bc7438186bda6260be6c6f1_mv2.jpg]
[static.wixstatic.com/media/4c2a10_ccfd2ed45e9a4ed7901bd5d501ae74fc_mv2.jpg/v1/crop/x_0,y_0,w_2391,h_2761/fill/w_435,h_502,al_c,q_80,usm_0.66_1.00_0.01,enc_av/4c2a10_ccfd2ed45e9a4ed7901bd5d501ae74fc_mv2.145.dela]
[static.wixstatic.com/media/4c2a10_0bfb141dfe1c42caa4aa6fa2e4cca7d2_mv2.png/v1/crop/x_0,y_364,w_2318,h_2273/fill/w_456,h_442,al_c,q_85,usm_0.66_1.00_0.01,enc_avif,quality_auto/wendy 2 yellow_edited.png]
[static.wixstatic.com/media/4c2a10_f2b6b21158914d0f88236fc25ef0fba3_mv2.png/v1/fill/w_479,h_412,al_c,q_85,usm_0.66_1.00_0.01,enc_avif,quality_auto/Thneed drawings-02_edited.png]
[static.wixstatic.com/media/4c2a10_ccd704ce0b2e47ebad05702a13373d4b_mv2.png/v1/fill/w_320,h_320,q_90,enc_avif,quality_auto/4c2a10_ccd704ce0b2e47ebad05702a13373d4b_mv2.png]
[static.wixstatic.com/media/4c2a10_b1f8badfa3734eadad8b5cc757fb0b55_mv2.png/v1/fill/w_320,h_320,q_90,enc_avif,quality_auto/4c2a10_b1f8badfa3734eadad8b5cc757fb0b55_mv2.png]
[static.wixstatic.com/media/4c2a10_0cb55cc2901d452d83cc8760d0a1e724_mv2.png/v1/fill/w_320,h_320,q_90,enc_avif,quality_auto/4c2a10_0cb55cc2901d452d83cc8760d0a1e724_mv2.png]
[static.wixstatic.com/media/4c2a10_c364187f14504786b6ade699a1c5aa3e_mv2.png/v1/fill/w_101,h_150,al_c,q_85,usm_0.66_1.00_0.01,blur_2,enc_avif,quality_auto/4c2a10_c364187f14504786b6ade699a1c5aa3e_mv2.png]
[static.wixstatic.com/media/4c2a10_9e1065c099bd45aaa9a0cb056432b087_mv2.png/v1/fill/w_320,h_320,q_90,enc_avif,quality_auto/4c2a10_9e1065c099bd45aaa9a0cb056432b087_mv2.png]
[static.wixstatic.com/media/4c2a10_d1ac85e753634251a8f8820bf4aaa4f2_mv2.png/v1/fill/w_320,h_320,q_90,enc_avif,quality_auto/4c2a10_d1ac85e753634251a8f8820bf4aaa4f2_mv2.png]
[static.wixstatic.com/media/4c2a10_365b759d71ef4b74b685d440995e3258_mv2.png/v1/fill/w_320,h_320,q_90,enc_avif,quality_auto/4c2a10_365b759d71ef4b74b685d440995e3258_mv2.png]
[static.wixstatic.com/media/4c2a10_99ab5d0cbcdb4628af6ac4b614fe5961_mv2.jpg/v1/crop/x_0,y_0,w_1991,h_1367/fill/w_523,h_359,al_c,q_80,usm_0.66_1.00_0.01,enc_av/4c2a10_99ab5d0cbcdb4628af6ac4b614fe5961_mv2.14f.dela]
[static.wixstatic.com/media/4c2a10_4551c5d746e24966abcf612a8c3429e5_mv2.png/v1/fill/w_49,h_32,al_c,q_85,usm_0.66_1.00_0.01,blur_2,enc_avif,quality_auto/4c2a10_4551c5d746e24966abcf612a8c3429e5_mv2.png]
[static.wixstatic.com/media/4c2a10_a6d06fe86fff4b24a85c7e35c9dd490a_mv2.jpg/v1/fill/w_600,h_232,al_c,q_80,usm_0.66_1.00_0.01,enc_avif,quality_auto/4c2a10_a6d06fe86fff4b24a85c7e35c9dd490a_mv2.jpg]
[static.wixstatic.com/media/4c2a10_a25272420c41443589067820b18fb248_mv2.jpg/v1/fill/w_421,h_337,al_c,q_80,usm_0.66_1.00_0.01,enc_avif,quality_auto/4c2a10_a25272420c41443589067820b18fb248_mv2.jpg]
[static.wixstatic.com/media/4c2a10_6fec79881254439abf5aff3f3ca7b0ed_mv2.jpg/v1/fill/w_426,h_337,al_c,q_80,usm_0.66_1.00_0.01,enc_avif,quality_auto/4c2a10_6fec79881254439abf5aff3f3ca7b0ed_mv2.jpg]
[static.wixstatic.com/media/4c2a10_0df985ad771546c09cbbbc22501b972c_mv2.gif/v1/fill/w_94,h_74,al_c,usm_0.66_1.00_0.01,blur_2,pstr/4c2a10_0df985ad771546c09cbbbc22501b972c_mv2.gif]
[static.wixstatic.com/media/4c2a10_7af908c18a094f05a344d8e457bc504c_mv2.jpg/v1/fill/w_426,h_337,al_c,q_80,usm_0.66_1.00_0.01,enc_avif,quality_auto/4c2a10_7af908c18a094f05a344d8e457bc504c_mv2.jpg]
[static.wixstatic.com/media/4c2a10_2ed3be4bb53d4ff7a633e11983cbd544_mv2.gif/v1/fill/w_102,h_81,al_c,usm_0.66_1.00_0.01,blur_2,pstr/4c2a10_2ed3be4bb53d4ff7a633e11983cbd544_mv2.gif]
[static.wixstatic.com/media/4c2a10_361c93f69191472b895ca0fcbc33f3a5_mv2.jpg/v1/fill/w_72,h_57,al_c,q_80,usm_0.66_1.00_0.01,blur_2,enc_avif,quality_auto/4c2a10_361c93f69191472b895ca0fcbc33f3a5_mv2.jpg]
[static.wixstatic.com/media/4c2a10_38b00aa02c3d45eb88064138181cc937_mv2.jpg/v1/fill/w_73,h_58,al_c,q_80,usm_0.66_1.00_0.01,blur_2,enc_avif,quality_auto/4c2a10_38b00aa02c3d45eb88064138181cc937_mv2.jpg]
[static.wixstatic.com/media/4c2a10_4a2b1e2cb5014d288164cdc40f551f8a_mv2.jpg/v1/fill/w_75,h_59,al_c,q_80,usm_0.66_1.00_0.01,blur_2,enc_avif,quality_auto/4c2a10_4a2b1e2cb5014d288164cdc40f551f8a_mv2.jpg]
[static.wixstatic.com/media/4c2a10_f45aff1093314d06a033d64ec5b68c95_mv2.jpg/v1/fill/w_147,h_110,al_c,q_80,usm_0.66_1.00_0.01,blur_2,enc_avif,quality_auto/Picture16.jpg]
[static.wixstatic.com/media/4c2a10_bbe1b34866f14017a0661be64c101901_mv2.jpg/v1/fit/w_978,h_823,q_90,enc_avif,quality_auto/4c2a10_bbe1b34866f14017a0661be64c101901_mv2.jpg]
[static.wixstatic.com/media/4c2a10_0dc79d0ceb834ff393c46451184538fd_mv2.jpg/v1/fit/w_436,h_292,q_90,enc_avif,quality_auto/4c2a10_0dc79d0ceb834ff393c46451184538fd_mv2.jpg]
[static.wixstatic.com/media/4c2a10_641fd1f35b634141a3057340bca968b8_mv2.jpg/v1/fit/w_524,h_292,q_90,enc_avif,quality_auto/4c2a10_641fd1f35b634141a3057340bca968b8_mv2.jpg]
[static.wixstatic.com/media/4c2a10_aab850a57f314a6cae5bc496fca15f94_mv2.jpg/v1/fit/w_481,h_320,q_90,enc_avif,quality_auto/4c2a10_aab850a57f314a6cae5bc496fca15f94_mv2.jpg]
[static.wixstatic.com/media/4c2a10_e692fe9f7c8b4203b8fc076902e339cb_mv2.jpg/v1/fit/w_479,h_320,q_90,enc_avif,quality_auto/4c2a10_e692fe9f7c8b4203b8fc076902e339cb_mv2.jpg]
[static.wixstatic.com/media/4c2a10_122abff20ad747418fb44364f36227ce_mv2.jpg/v1/fill/w_91,h_88,al_c,q_80,usm_0.66_1.00_0.01,blur_2,enc_avif,quality_auto/Picture11.jpg]
[static.wixstatic.com/media/4c2a10_7710e109ee7d4ce188e26aaf666c0c36_mv2.png/v1/fill/w_109,h_111,al_c,q_85,usm_0.66_1.00_0.01,blur_2,enc_avif,quality_auto/Picture13.png]
[static.wixstatic.com/media/4c2a10_2f69d094bdc246e0968a3144bb44ae40_mv2.jpg/v1/fill/w_95,h_63,al_c,q_80,usm_0.66_1.00_0.01,blur_2,enc_avif,quality_auto/Picture14.jpg]
[mediapipe.dev/images/mobile/pose_tracking_full_body_landmarks.png]
[static.wixstatic.com/media/4c2a10_32fc645603924ea19885701fac0ac119f000.jpg/v1/fill/w_815,h_457,al_c,q_85,usm_0.66_1.00_0.01,enc_avif,quality_auto/4c2a10_32fc645603924ea19885701fac0ac119f000.jpg]
[static.wixstatic.com/media/4c2a10_98d5c8b2ffdb4cb6aca1ea91dc737bd7f000.jpg/v1/fill/w_815,h_457,al_c,q_85,usm_0.66_1.00_0.01,enc_avif,quality_auto/4c2a10_98d5c8b2ffdb4cb6aca1ea91dc737bd7f000.jpg]
[static.wixstatic.com/media/4c2a10_f4a37cc314954fbd9c4638248370c227_mv2.jpg/v1/crop/x_736,y_549,w_2021,h_1520/fill/w_449,h_338,al_c,q_80,usm_0.66_1.00_0.01,enc_av/4c2a10_f4a37cc314954fbd9c4638248370c227_mv2.166]
[static.wixstatic.com/media/4c2a10_1b27c9d0491641df8c67abd2f275f7ba_mv2.png/v1/crop/x_0,y_10,w_2625,h_2816/fill/w_80,h_86,al_c,q_85,usm_0.66_1.00_0.01,blur_2,e/4c2a10_1b27c9d0491641df8c67abd2f275f7ba_mv2.160.del]
[static.wixstatic.com/media/4c2a10_e5820df6551c45b192a5ce525c63dd0f_mv2.jpg/v1/crop/x_594,y_442,w_2042,h_1535/fill/w_451,h_338,al_c,q_80,usm_0.66_1.00_0.01,enc_av/ViewCapture20221206_233408 2_edited.jpg]
[static.wixstatic.com/media/4c2a10_cbba642231a14e2f9c52a36fe56938fd_mv2.png/v1/fill/w_280,h_157,q_90,enc_avif,quality_auto/4c2a10_cbba642231a14e2f9c52a36fe56938fd_mv2.png]
[static.wixstatic.com/media/4c2a10_9bb461e303bd4300b705b4323caa7708_mv2.png/v1/fill/w_280,h_157,q_90,enc_avif,quality_auto/4c2a10_9bb461e303bd4300b705b4323caa7708_mv2.png]
[static.wixstatic.com/media/4c2a10_bd467fa496d14a4e941f006a55ece0f9_mv2.png/v1/fill/w_279,h_157,q_90,enc_avif,quality_auto/4c2a10_bd467fa496d14a4e941f006a55ece0f9_mv2.png]
[static.wixstatic.com/media/4c2a10_68b80947cddf48558cdfec7cc7f14566_mv2.png/v1/fill/w_280,h_157,q_90,enc_avif,quality_auto/4c2a10_68b80947cddf48558cdfec7cc7f14566_mv2.png]
[static.wixstatic.com/media/4c2a10_c59f299a5f0f4285a616b5b85bf94920_mv2.png/v1/fill/w_280,h_157,q_90,enc_avif,quality_auto/4c2a10_c59f299a5f0f4285a616b5b85bf94920_mv2.png]
[static.wixstatic.com/media/4c2a10_64c6eb73061b48a5a60efd745f0d6adb_mv2.png/v1/fill/w_279,h_157,q_90,enc_avif,quality_auto/4c2a10_64c6eb73061b48a5a60efd745f0d6adb_mv2.png]
[static.wixstatic.com/media/4c2a10_1d4c201488f0499dbacc684bd3c3908c_mv2.png/v1/fill/w_600,h_600,al_c,q_85,usm_0.66_1.00_0.01,enc_avif,quality_auto/4c2a10_1d4c201488f0499dbacc684bd3c3908c_mv2.png]
[static.wixstatic.com/media/4c2a10_35b38eed6a27416fa85153454a7c521a_mv2.png/v1/crop/x_1510,y_819,w_1167,h_1501/fill/w_299,h_385,al_c,q_85,usm_0.66_1.00_0.01,enc_av/4c2a10_35b38eed6a27416fa85153454a7c521a_mv2.170]
[static.wixstatic.com/media/4c2a10_30a5a635b1914dfca1527e0458752a63f000.jpg/v1/fill/w_280,h_240,al_c,q_80,usm_0.66_1.00_0.01,enc_avif,quality_auto/4c2a10_30a5a635b1914dfca1527e0458752a63f000.jpg]
[static.wixstatic.com/media/4c2a10_814988047ce14effa2d972723102c509f000.jpg/v1/fill/w_313,h_240,al_c,q_80,usm_0.66_1.00_0.01,enc_avif,quality_auto/4c2a10_814988047ce14effa2d972723102c509f000.jpg]
[static.wixstatic.com/media/4c2a10_41bf8245016b4bcfb7e9a27f759f9dda_mv2.png/v1/fill/w_280,h_157,q_90,enc_avif,quality_auto/4c2a10_41bf8245016b4bcfb7e9a27f759f9dda_mv2.png]
[static.wixstatic.com/media/4c2a10_9da682ade91c4c90b9c2128e386dfbe9_mv2.png/v1/fill/w_280,h_157,q_90,enc_avif,quality_auto/4c2a10_9da682ade91c4c90b9c2128e386dfbe9_mv2.png]
[static.wixstatic.com/media/4c2a10_68c086dc58104832ac4f59defc804c83_mv2.png/v1/fill/w_279,h_157,q_90,enc_avif,quality_auto/4c2a10_68c086dc58104832ac4f59defc804c83_mv2.png]
[static.wixstatic.com/media/4c2a10_6b4bd025ba734af8a9ee8ccf1867f970_mv2.png/v1/fill/w_280,h_157,q_90,enc_avif,quality_auto/4c2a10_6b4bd025ba734af8a9ee8ccf1867f970_mv2.png]
[static.wixstatic.com/media/4c2a10_1478946f63f240a894c6514772402168_mv2.png/v1/fill/w_280,h_157,q_90,enc_avif,quality_auto/4c2a10_1478946f63f240a894c6514772402168_mv2.png]
[static.wixstatic.com/media/4c2a10_7d48996ca8f941008a82baf23e04fe5b_mv2.png/v1/fill/w_279,h_157,q_90,enc_avif,quality_auto/4c2a10_7d48996ca8f941008a82baf23e04fe5b_mv2.png]
[static.wixstatic.com/media/4c2a10_ada21a60c97c42b19c9dd10967dd0563_mv2.png/v1/fill/w_600,h_600,al_c,q_85,usm_0.66_1.00_0.01,enc_avif,quality_auto/4c2a10_ada21a60c97c42b19c9dd10967dd0563_mv2.png]
[static.wixstatic.com/media/4c2a10_c070c7f2d7ec47efae7b3bd0defa9505f000.jpg/v1/fill/w_313,h_240,al_c,q_80,usm_0.66_1.00_0.01,enc_avif,quality_auto/4c2a10_c070c7f2d7ec47efae7b3bd0defa9505f000.jpg]
[static.wixstatic.com/media/4c2a10_193615916dd541f89e981b5f6c08501cf000.jpg/v1/fill/w_299,h_240,al_c,q_80,usm_0.66_1.00_0.01,enc_avif,quality_auto/4c2a10_193615916dd541f89e981b5f6c08501cf000.jpg]
[static.wixstatic.com/media/4c2a10_35b38eed6a27416fa85153454a7c521a_mv2.png/v1/crop/x_0,y_792,w_1569,h_1501/fill/w_402,h_385,al_c,q_85,usm_0.66_1.00_0.01,enc_av/4c2a10_35b38eed6a27416fa85153454a7c521a_mv2.17c.de]
[static.wixstatic.com/media/4c2a10_9175650a4b894dd4970a6c46f04e62f2f000.jpg/v1/fill/w_483,h_272,al_c,q_80,usm_0.66_1.00_0.01,enc_avif,quality_auto/4c2a10_9175650a4b894dd4970a6c46f04e62f2f000.jpg]
[static.wixstatic.com/media/4c2a10_b8119119e9cd490791ba465aa37b261a_mv2.png/v1/fill/w_280,h_157,q_90,enc_avif,quality_auto/4c2a10_b8119119e9cd490791ba465aa37b261a_mv2.png]
[static.wixstatic.com/media/4c2a10_667068e1272c4806bfeb0bde8a3beb42f000.jpg/v1/fill/w_426,h_240,al_c,q_80,usm_0.66_1.00_0.01,enc_avif,quality_auto/4c2a10_667068e1272c4806bfeb0bde8a3beb42f000.jpg]
[static.wixstatic.com/media/4c2a10_ce71cf379c604a9496640a6386c80fc6_mv2.png/v1/fill/w_280,h_157,q_90,enc_avif,quality_auto/4c2a10_ce71cf379c604a9496640a6386c80fc6_mv2.png]
[static.wixstatic.com/media/4c2a10_6493ecd29fb04f4186cb6b6e290ef2f7_mv2.png/v1/fill/w_279,h_157,q_90,enc_avif,quality_auto/4c2a10_6493ecd29fb04f4186cb6b6e290ef2f7_mv2.png]
[static.wixstatic.com/media/4c2a10_e1d6f26e783b48848cffa27d9ab8a4f7_mv2.png/v1/fill/w_280,h_157,q_90,enc_avif,quality_auto/4c2a10_e1d6f26e783b48848cffa27d9ab8a4f7_mv2.png]
[static.wixstatic.com/media/4c2a10_146ede0e0bb9489fa3c8f412c0e8b4be_mv2.png/v1/fill/w_280,h_157,q_90,enc_avif,quality_auto/4c2a10_146ede0e0bb9489fa3c8f412c0e8b4be_mv2.png]
[static.wixstatic.com/media/4c2a10_7d2cb74b130243c2994d028f2bb7f1da_mv2.png/v1/fill/w_279,h_157,q_90,enc_avif,quality_auto/4c2a10_7d2cb74b130243c2994d028f2bb7f1da_mv2.png]
[static.wixstatic.com/media/4c2a10_96259a83fc1f4bbdbe0cff70a92e1fbc_mv2.png/v1/fill/w_600,h_600,al_c,q_85,usm_0.66_1.00_0.01,enc_avif,quality_auto/4c2a10_96259a83fc1f4bbdbe0cff70a92e1fbc_mv2.png]
[static.wixstatic.com/media/4c2a10_35b38eed6a27416fa85153454a7c521a_mv2.png/v1/crop/x_2568,y_814,w_1568,h_1502/fill/w_402,h_385,al_c,q_85,usm_0.66_1.00_0.01,enc_av/4c2a10_35b38eed6a27416fa85153454a7c521a_mv2.185]
[static.wixstatic.com/media/4c2a10_11d1dfb3612344ef9ba8a287150030d7_mv2.png/v1/fill/w_712,h_157,al_c,q_85,usm_0.66_1.00_0.01,enc_avif,quality_auto/4c2a10_11d1dfb3612344ef9ba8a287150030d7_mv2.png]
[static.wixstatic.com/media/4c2a10_35b38eed6a27416fa85153454a7c521a_mv2.png/v1/crop/x_0,y_814,w_4136,h_1502/fill/w_686,h_249,al_c,q_85,usm_0.66_1.00_0.01,enc_av/4c2a10_35b38eed6a27416fa85153454a7c521a_mv2.187.de]
[static.wixstatic.com/media/4c2a10_9c67f78af1bc44afbf1f44108e929fb9_mv2.jpg/v1/fill/w_600,h_584,al_c,q_80,usm_0.66_1.00_0.01,enc_avif,quality_auto/4c2a10_9c67f78af1bc44afbf1f44108e929fb9_mv2.jpg]
[static.parastorage.com/services/wix-thunderbolt/dist/webpack-runtime.6d824041.bundle.min.js]
[static.wixstatic.com/media/4c2a10_c32f1eb235764369951094a1919bc1cdf000.jpg/v1/fill/w_280,h_240,al_c,q_80,usm_0.66_1.00_0.01,enc_avif,quality_auto/4c2a10_c32f1eb235764369951094a1919bc1cdf000.jpg]
[static.wixstatic.com/media/4c2a10_f4b3b205876642b6bf56f960fb4dc7edf000.jpg/v1/fill/w_426,h_240,al_c,q_80,usm_0.66_1.00_0.01,enc_avif,quality_auto/4c2a10_f4b3b205876642b6bf56f960fb4dc7edf000.jpg]
[static.wixstatic.com/media/4c2a10_4991e4f3648547078fb9ee6323ed5441_mv2.jpg/v1/fill/w_149,h_42,al_c,q_80,usm_0.66_1.00_0.01,blur_2,enc_avif,quality_auto/4c2a10_4991e4f3648547078fb9ee6323ed5441_mv2.jpg]
[static.wixstatic.com/media/4c2a10_c764d32066ad412bac08fe6bd219d58f_mv2.jpg/v1/fill/w_161,h_69,al_c,q_80,usm_0.66_1.00_0.01,blur_2,enc_avif,quality_auto/4c2a10_c764d32066ad412bac08fe6bd219d58f_mv2.jpg]
[static.wixstatic.com/media/4c2a10_fc07bf48b22d4d70b8f874c74297300e_mv2.png/v1/crop/x_0,y_0,w_2630,h_3600/fill/w_83,h_114,al_c,q_85,usm_0.66_1.00_0.01,blur_2,/4c2a10_fc07bf48b22d4d70b8f874c74297300e_mv2.18f.dela]
[static.wixstatic.com/media/4c2a10_c076702ca5f5435fbe7c402d6f2708ad_mv2.gif]
[static.wixstatic.com/media/4c2a10_8384f1518bf549b3931f37c624983372_mv2.jpg/v1/fill/w_147,h_95,al_c,q_80,usm_0.66_1.00_0.01,blur_2,enc_avif,quality_auto/4c2a10_8384f1518bf549b3931f37c624983372_mv2.jpg]
[static.wixstatic.com/media/4c2a10_b98841b8c4fb401e8acd6d92e03c8329_mv2.jpg/v1/fill/w_141,h_125,al_c,q_80,usm_0.66_1.00_0.01,blur_2,enc_avif,quality_auto/4c2a10_b98841b8c4fb401e8acd6d92e03c8329_mv2.jpg]
[static.wixstatic.com/media/4c2a10_89ec24b6072a43b1ad7c0de77d3386d1_mv2.jpg/v1/fill/w_143,h_73,al_c,q_80,usm_0.66_1.00_0.01,blur_2,enc_avif,quality_auto/4c2a10_89ec24b6072a43b1ad7c0de77d3386d1_mv2.jpg]
[static.wixstatic.com/media/4c2a10_c076702ca5f5435fbe7c402d6f2708ad_mv2.gif]
